#
# There is insufficient memory for the Java Runtime Environment to continue.
# Native memory allocation (malloc) failed to allocate 32744 bytes for ChunkPool::allocate
# Possible reasons:
#   The system is out of physical RAM or swap space
#   The process is running with CompressedOops enabled, and the Java Heap may be blocking the growth of the native heap
# Possible solutions:
#   Reduce memory load on the system
#   Increase physical memory or swap space
#   Check if swap backing store is full
#   Decrease Java heap size (-Xmx/-Xms)
#   Decrease number of Java threads
#   Decrease Java thread stack sizes (-Xss)
#   Set larger code cache with -XX:ReservedCodeCacheSize=
#   JVM is running with Unscaled Compressed Oops mode in which the Java heap is
#     placed in the first 4GB address space. The Java Heap base address is the
#     maximum limit for the native heap growth. Please use -XX:HeapBaseMinAddress
#     to set the Java Heap base and to place the Java Heap above 4GB virtual address.
# This output file may be truncated or incomplete.
#
#  Out of Memory Error (arena.cpp:78), pid=18220, tid=20880
#
# JRE version: OpenJDK Runtime Environment Temurin-17.0.6+10 (17.0.6+10) (build 17.0.6+10)
# Java VM: OpenJDK 64-Bit Server VM Temurin-17.0.6+10 (17.0.6+10, mixed mode, tiered, compressed oops, compressed class ptrs, g1 gc, windows-amd64)
# No core dump will be written. Minidumps are not enabled by default on client versions of Windows
#

---------------  S U M M A R Y ------------

Command Line: -Dfile.encoding=UTF-8 -XX:+ShowCodeDetailsInExceptionMessages com.project.gaming.canvas.GameFrame

Host: AMD Ryzen 5 3500U with Radeon Vega Mobile Gfx  , 8 cores, 6G,  Windows 11 , 64 bit Build 22621 (10.0.22621.1485)
Time: Mon Apr 10 23:30:24 2023 India Standard Time elapsed time: 2.519940 seconds (0d 0h 0m 2s)

---------------  T H R E A D  ---------------

Current thread (0x00000229bb898c20):  JavaThread "C2 CompilerThread2" daemon [_thread_in_native, id=20880, stack(0x000000a37a600000,0x000000a37a700000)]


Current CompileTask:
C2:   2520  610  s    4       java.io.BufferedInputStream::read (113 bytes)

Stack: [0x000000a37a600000,0x000000a37a700000]
Native frames: (J=compiled Java code, j=interpreted, Vv=VM code, C=native code)
V  [jvm.dll+0x67741a]
V  [jvm.dll+0x834434]
V  [jvm.dll+0x835bde]
V  [jvm.dll+0x836243]
V  [jvm.dll+0x2457b5]
V  [jvm.dll+0xabd1c]
V  [jvm.dll+0xac0cc]
V  [jvm.dll+0x11e018]
V  [jvm.dll+0x6a07d1]
V  [jvm.dll+0x1bbe34]
V  [jvm.dll+0x218749]
V  [jvm.dll+0x217a11]
V  [jvm.dll+0x1a3d0d]
V  [jvm.dll+0x22742a]
V  [jvm.dll+0x225565]
V  [jvm.dll+0x7ea2cb]
V  [jvm.dll+0x7e483a]
V  [jvm.dll+0x6762c5]
C  [ucrtbase.dll+0x29363]
C  [KERNEL32.DLL+0x1269d]
C  [ntdll.dll+0x5a9f8]


---------------  P R O C E S S  ---------------

Threads class SMR info:
_java_thread_list=0x00000229c80619e0, length=20, elements={
0x00000229ba212020, 0x00000229ba212bd0, 0x00000229ba22c2a0, 0x00000229bac0c080,
0x00000229bac0c550, 0x00000229bac0ce10, 0x00000229bac19310, 0x00000229bac19c10,
0x00000229bac1d530, 0x00000229bad99290, 0x00000229bada97b0, 0x00000229baffc6a0,
0x00000229bb1b0130, 0x00000229bb49b580, 0x00000229bb898c20, 0x00000229c8575d10,
0x00000229bb55e010, 0x00000229c80ec650, 0x00000229a0bc5280, 0x00000229c308b2d0
}

Java Threads: ( => current thread )
  0x00000229ba212020 JavaThread "Reference Handler" daemon [_thread_blocked, id=20832, stack(0x000000a378800000,0x000000a378900000)]
  0x00000229ba212bd0 JavaThread "Finalizer" daemon [_thread_blocked, id=16764, stack(0x000000a378900000,0x000000a378a00000)]
  0x00000229ba22c2a0 JavaThread "Signal Dispatcher" daemon [_thread_blocked, id=16308, stack(0x000000a378a00000,0x000000a378b00000)]
  0x00000229bac0c080 JavaThread "Attach Listener" daemon [_thread_blocked, id=22104, stack(0x000000a378b00000,0x000000a378c00000)]
  0x00000229bac0c550 JavaThread "Service Thread" daemon [_thread_blocked, id=23172, stack(0x000000a378c00000,0x000000a378d00000)]
  0x00000229bac0ce10 JavaThread "Monitor Deflation Thread" daemon [_thread_blocked, id=20388, stack(0x000000a378d00000,0x000000a378e00000)]
  0x00000229bac19310 JavaThread "C2 CompilerThread0" daemon [_thread_in_vm, id=2388, stack(0x000000a378e00000,0x000000a378f00000)]
  0x00000229bac19c10 JavaThread "C1 CompilerThread0" daemon [_thread_in_native, id=10632, stack(0x000000a378f00000,0x000000a379000000)]
  0x00000229bac1d530 JavaThread "Sweeper thread" daemon [_thread_blocked, id=15388, stack(0x000000a379000000,0x000000a379100000)]
  0x00000229bad99290 JavaThread "Notification Thread" daemon [_thread_blocked, id=9000, stack(0x000000a379100000,0x000000a379200000)]
  0x00000229bada97b0 JavaThread "Common-Cleaner" daemon [_thread_blocked, id=21032, stack(0x000000a379300000,0x000000a379400000)]
  0x00000229baffc6a0 JavaThread "Java2D Disposer" daemon [_thread_blocked, id=4744, stack(0x000000a379400000,0x000000a379500000)]
  0x00000229bb1b0130 JavaThread "AWT-Windows" daemon [_thread_in_native, id=1108, stack(0x000000a379600000,0x000000a379700000)]
  0x00000229bb49b580 JavaThread "C2 CompilerThread1" daemon [_thread_in_native, id=22048, stack(0x000000a37a500000,0x000000a37a600000)]
=>0x00000229bb898c20 JavaThread "C2 CompilerThread2" daemon [_thread_in_native, id=20880, stack(0x000000a37a600000,0x000000a37a700000)]
  0x00000229c8575d10 JavaThread "TimerQueue" daemon [_thread_blocked, id=24068, stack(0x000000a37a700000,0x000000a37a800000)]
  0x00000229bb55e010 JavaThread "AWT-Shutdown" [_thread_blocked, id=21316, stack(0x000000a37a800000,0x000000a37a900000)]
  0x00000229c80ec650 JavaThread "AWT-EventQueue-0" [_thread_in_native, id=16008, stack(0x000000a37a900000,0x000000a37aa00000)]
  0x00000229a0bc5280 JavaThread "DestroyJavaVM" [_thread_blocked, id=1616, stack(0x000000a378100000,0x000000a378200000)]
  0x00000229c308b2d0 JavaThread "D3D Screen Updater" daemon [_thread_blocked, id=1596, stack(0x000000a37aa00000,0x000000a37ab00000)]

Other Threads:
  0x00000229ba1eda10 VMThread "VM Thread" [stack: 0x000000a378700000,0x000000a378800000] [id=6388]
  0x00000229a0c35d70 WatcherThread [stack: 0x000000a379200000,0x000000a379300000] [id=17988]
  0x00000229a0c19510 GCTaskThread "GC Thread#0" [stack: 0x000000a378200000,0x000000a378300000] [id=18632]
  0x00000229bb45f8b0 GCTaskThread "GC Thread#1" [stack: 0x000000a379f00000,0x000000a37a000000] [id=17900]
  0x00000229bb94dd90 GCTaskThread "GC Thread#2" [stack: 0x000000a37a000000,0x000000a37a100000] [id=16108]
  0x00000229bb94e040 GCTaskThread "GC Thread#3" [stack: 0x000000a37a100000,0x000000a37a200000] [id=10588]
  0x00000229bb90db10 GCTaskThread "GC Thread#4" [stack: 0x000000a37a200000,0x000000a37a300000] [id=18136]
  0x00000229bb49bb60 GCTaskThread "GC Thread#5" [stack: 0x000000a37a300000,0x000000a37a400000] [id=9552]
  0x00000229c1c1bac0 GCTaskThread "GC Thread#6" [stack: 0x000000a37a400000,0x000000a37a500000] [id=24428]
  0x00000229cafbdb80 GCTaskThread "GC Thread#7" [stack: 0x000000a37ab00000,0x000000a37ac00000] [id=22480]
  0x00000229a0c29660 ConcurrentGCThread "G1 Main Marker" [stack: 0x000000a378300000,0x000000a378400000] [id=23852]
  0x00000229a0c2a970 ConcurrentGCThread "G1 Conc#0" [stack: 0x000000a378400000,0x000000a378500000] [id=16368]
  0x00000229c3b3fe10 ConcurrentGCThread "G1 Conc#1" [stack: 0x000000a379500000,0x000000a379600000] [id=18416]
  0x00000229ba0440b0 ConcurrentGCThread "G1 Refine#0" [stack: 0x000000a378500000,0x000000a378600000] [id=24036]
  0x00000229a0c8e040 ConcurrentGCThread "G1 Service" [stack: 0x000000a378600000,0x000000a378700000] [id=19732]

Threads with active compile tasks:
C2 CompilerThread0     2561  853       4       java.nio.ByteBufferAsShortBufferB::get (30 bytes)
C1 CompilerThread0     2561  857       3       java.nio.Buffer::<init> (105 bytes)
C2 CompilerThread1     2561  627       4       javax.imageio.stream.FileCacheImageInputStream::readUntil (122 bytes)
C2 CompilerThread2     2561  610  s    4       java.io.BufferedInputStream::read (113 bytes)

VM state: not at safepoint (normal execution)

VM Mutex/Monitor currently owned by a thread: None

Heap address: 0x0000000091000000, size: 1776 MB, Compressed Oops mode: 32-bit

CDS archive(s) not mapped
Compressed class space mapped at: 0x0000000100000000-0x0000000140000000, reserved size: 1073741824
Narrow klass base: 0x0000000000000000, Narrow klass shift: 3, Narrow klass range: 0x140000000

GC Precious Log:
 CPUs: 8 total, 8 available
 Memory: 7103M
 Large Page Support: Disabled
 NUMA Support: Disabled
 Compressed Oops: Enabled (32-bit)
 Heap Region Size: 1M
 Heap Min Capacity: 8M
 Heap Initial Capacity: 112M
 Heap Max Capacity: 1776M
 Pre-touch: Disabled
 Parallel Workers: 8
 Concurrent Workers: 2
 Concurrent Refinement Workers: 8
 Periodic GC: Disabled

Heap:
 garbage-first heap   total 153600K, used 92116K [0x0000000091000000, 0x0000000100000000)
  region size 1024K, 4 young (4096K), 2 survivors (2048K)
 Metaspace       used 13818K, committed 14016K, reserved 1064960K
  class space    used 1372K, committed 1472K, reserved 1048576K

Heap Regions: E=young(eden), S=young(survivor), O=old, HS=humongous(starts), HC=humongous(continues), CS=collection set, F=free, OA=open archive, CA=closed archive, TAMS=top-at-mark-start (previous, next)
|   0|0x0000000091000000, 0x0000000091100000, 0x0000000091100000|100%|HS|  |TAMS 0x0000000091100000, 0x0000000091000000| Complete 
|   1|0x0000000091100000, 0x0000000091200000, 0x0000000091200000|100%|HC|  |TAMS 0x0000000091200000, 0x0000000091100000| Complete 
|   2|0x0000000091200000, 0x0000000091300000, 0x0000000091300000|100%|HC|  |TAMS 0x0000000091300000, 0x0000000091200000| Complete 
|   3|0x0000000091300000, 0x0000000091400000, 0x0000000091400000|100%|HC|  |TAMS 0x0000000091400000, 0x0000000091300000| Complete 
|   4|0x0000000091400000, 0x0000000091500000, 0x0000000091500000|100%|HC|  |TAMS 0x0000000091500000, 0x0000000091400000| Complete 
|   5|0x0000000091500000, 0x0000000091600000, 0x0000000091600000|100%|HC|  |TAMS 0x0000000091600000, 0x0000000091500000| Complete 
|   6|0x0000000091600000, 0x0000000091700000, 0x0000000091700000|100%|HC|  |TAMS 0x0000000091700000, 0x0000000091600000| Complete 
|   7|0x0000000091700000, 0x0000000091800000, 0x0000000091800000|100%|HC|  |TAMS 0x0000000091800000, 0x0000000091700000| Complete 
|   8|0x0000000091800000, 0x0000000091900000, 0x0000000091900000|100%|HC|  |TAMS 0x0000000091900000, 0x0000000091800000| Complete 
|   9|0x0000000091900000, 0x0000000091a00000, 0x0000000091a00000|100%|HC|  |TAMS 0x0000000091a00000, 0x0000000091900000| Complete 
|  10|0x0000000091a00000, 0x0000000091b00000, 0x0000000091b00000|100%|HC|  |TAMS 0x0000000091b00000, 0x0000000091a00000| Complete 
|  11|0x0000000091b00000, 0x0000000091c00000, 0x0000000091c00000|100%|HC|  |TAMS 0x0000000091c00000, 0x0000000091b00000| Complete 
|  12|0x0000000091c00000, 0x0000000091d00000, 0x0000000091d00000|100%|HC|  |TAMS 0x0000000091d00000, 0x0000000091c00000| Complete 
|  13|0x0000000091d00000, 0x0000000091e00000, 0x0000000091e00000|100%|HC|  |TAMS 0x0000000091e00000, 0x0000000091d00000| Complete 
|  14|0x0000000091e00000, 0x0000000091f00000, 0x0000000091f00000|100%|HC|  |TAMS 0x0000000091f00000, 0x0000000091e00000| Complete 
|  15|0x0000000091f00000, 0x0000000092000000, 0x0000000092000000|100%|HC|  |TAMS 0x0000000092000000, 0x0000000091f00000| Complete 
|  16|0x0000000092000000, 0x0000000092100000, 0x0000000092100000|100%|HC|  |TAMS 0x0000000092100000, 0x0000000092000000| Complete 
|  17|0x0000000092100000, 0x0000000092200000, 0x0000000092200000|100%|HC|  |TAMS 0x0000000092200000, 0x0000000092100000| Complete 
|  18|0x0000000092200000, 0x0000000092300000, 0x0000000092300000|100%|HC|  |TAMS 0x0000000092300000, 0x0000000092200000| Complete 
|  19|0x0000000092300000, 0x0000000092400000, 0x0000000092400000|100%|HC|  |TAMS 0x0000000092400000, 0x0000000092300000| Complete 
|  20|0x0000000092400000, 0x0000000092500000, 0x0000000092500000|100%|HC|  |TAMS 0x0000000092500000, 0x0000000092400000| Complete 
|  21|0x0000000092500000, 0x0000000092600000, 0x0000000092600000|100%|HC|  |TAMS 0x0000000092600000, 0x0000000092500000| Complete 
|  22|0x0000000092600000, 0x0000000092700000, 0x0000000092700000|100%|HC|  |TAMS 0x0000000092700000, 0x0000000092600000| Complete 
|  23|0x0000000092700000, 0x0000000092800000, 0x0000000092800000|100%|HC|  |TAMS 0x0000000092800000, 0x0000000092700000| Complete 
|  24|0x0000000092800000, 0x0000000092900000, 0x0000000092900000|100%|HC|  |TAMS 0x0000000092900000, 0x0000000092800000| Complete 
|  25|0x0000000092900000, 0x0000000092a00000, 0x0000000092a00000|100%|HC|  |TAMS 0x0000000092a00000, 0x0000000092900000| Complete 
|  26|0x0000000092a00000, 0x0000000092b00000, 0x0000000092b00000|100%|HC|  |TAMS 0x0000000092b00000, 0x0000000092a00000| Complete 
|  27|0x0000000092b00000, 0x0000000092c00000, 0x0000000092c00000|100%|HC|  |TAMS 0x0000000092c00000, 0x0000000092b00000| Complete 
|  28|0x0000000092c00000, 0x0000000092d00000, 0x0000000092d00000|100%|HC|  |TAMS 0x0000000092d00000, 0x0000000092c00000| Complete 
|  29|0x0000000092d00000, 0x0000000092e00000, 0x0000000092e00000|100%|HS|  |TAMS 0x0000000092e00000, 0x0000000092d00000| Complete 
|  30|0x0000000092e00000, 0x0000000092f00000, 0x0000000092f00000|100%|HC|  |TAMS 0x0000000092f00000, 0x0000000092e00000| Complete 
|  31|0x0000000092f00000, 0x0000000093000000, 0x0000000093000000|100%|HC|  |TAMS 0x0000000093000000, 0x0000000092f00000| Complete 
|  32|0x0000000093000000, 0x0000000093100000, 0x0000000093100000|100%|HC|  |TAMS 0x0000000093100000, 0x0000000093000000| Complete 
|  33|0x0000000093100000, 0x0000000093200000, 0x0000000093200000|100%|HC|  |TAMS 0x0000000093200000, 0x0000000093100000| Complete 
|  34|0x0000000093200000, 0x0000000093300000, 0x0000000093300000|100%|HC|  |TAMS 0x0000000093300000, 0x0000000093200000| Complete 
|  35|0x0000000093300000, 0x0000000093400000, 0x0000000093400000|100%|HC|  |TAMS 0x0000000093400000, 0x0000000093300000| Complete 
|  36|0x0000000093400000, 0x0000000093500000, 0x0000000093500000|100%|HC|  |TAMS 0x0000000093500000, 0x0000000093400000| Complete 
|  37|0x0000000093500000, 0x0000000093600000, 0x0000000093600000|100%|HC|  |TAMS 0x0000000093600000, 0x0000000093500000| Complete 
|  38|0x0000000093600000, 0x0000000093700000, 0x0000000093700000|100%|HC|  |TAMS 0x0000000093700000, 0x0000000093600000| Complete 
|  39|0x0000000093700000, 0x0000000093800000, 0x0000000093800000|100%|HC|  |TAMS 0x0000000093800000, 0x0000000093700000| Complete 
|  40|0x0000000093800000, 0x0000000093900000, 0x0000000093900000|100%|HC|  |TAMS 0x0000000093900000, 0x0000000093800000| Complete 
|  41|0x0000000093900000, 0x0000000093a00000, 0x0000000093a00000|100%|HC|  |TAMS 0x0000000093a00000, 0x0000000093900000| Complete 
|  42|0x0000000093a00000, 0x0000000093b00000, 0x0000000093b00000|100%|HC|  |TAMS 0x0000000093b00000, 0x0000000093a00000| Complete 
|  43|0x0000000093b00000, 0x0000000093c00000, 0x0000000093c00000|100%|HC|  |TAMS 0x0000000093c00000, 0x0000000093b00000| Complete 
|  44|0x0000000093c00000, 0x0000000093d00000, 0x0000000093d00000|100%|HC|  |TAMS 0x0000000093d00000, 0x0000000093c00000| Complete 
|  45|0x0000000093d00000, 0x0000000093e00000, 0x0000000093e00000|100%|HC|  |TAMS 0x0000000093e00000, 0x0000000093d00000| Complete 
|  46|0x0000000093e00000, 0x0000000093f00000, 0x0000000093f00000|100%|HC|  |TAMS 0x0000000093f00000, 0x0000000093e00000| Complete 
|  47|0x0000000093f00000, 0x0000000094000000, 0x0000000094000000|100%|HC|  |TAMS 0x0000000094000000, 0x0000000093f00000| Complete 
|  48|0x0000000094000000, 0x0000000094100000, 0x0000000094100000|100%|HC|  |TAMS 0x0000000094100000, 0x0000000094000000| Complete 
|  49|0x0000000094100000, 0x0000000094200000, 0x0000000094200000|100%|HC|  |TAMS 0x0000000094200000, 0x0000000094100000| Complete 
|  50|0x0000000094200000, 0x0000000094300000, 0x0000000094300000|100%|HC|  |TAMS 0x0000000094300000, 0x0000000094200000| Complete 
|  51|0x0000000094300000, 0x0000000094400000, 0x0000000094400000|100%|HC|  |TAMS 0x0000000094400000, 0x0000000094300000| Complete 
|  52|0x0000000094400000, 0x0000000094500000, 0x0000000094500000|100%|HC|  |TAMS 0x0000000094500000, 0x0000000094400000| Complete 
|  53|0x0000000094500000, 0x0000000094600000, 0x0000000094600000|100%|HC|  |TAMS 0x0000000094600000, 0x0000000094500000| Complete 
|  54|0x0000000094600000, 0x0000000094700000, 0x0000000094700000|100%|HC|  |TAMS 0x0000000094700000, 0x0000000094600000| Complete 
|  55|0x0000000094700000, 0x0000000094800000, 0x0000000094800000|100%|HC|  |TAMS 0x0000000094800000, 0x0000000094700000| Complete 
|  56|0x0000000094800000, 0x0000000094900000, 0x0000000094900000|100%|HC|  |TAMS 0x0000000094900000, 0x0000000094800000| Complete 
|  57|0x0000000094900000, 0x0000000094a00000, 0x0000000094a00000|100%|HC|  |TAMS 0x0000000094a00000, 0x0000000094900000| Complete 
|  58|0x0000000094a00000, 0x0000000094b00000, 0x0000000094b00000|100%|HC|  |TAMS 0x0000000094b00000, 0x0000000094a00000| Complete 
|  59|0x0000000094b00000, 0x0000000094c00000, 0x0000000094c00000|100%|HC|  |TAMS 0x0000000094c00000, 0x0000000094b00000| Complete 
|  60|0x0000000094c00000, 0x0000000094d00000, 0x0000000094d00000|100%|HC|  |TAMS 0x0000000094d00000, 0x0000000094c00000| Complete 
|  61|0x0000000094d00000, 0x0000000094e00000, 0x0000000094e00000|100%|HC|  |TAMS 0x0000000094e00000, 0x0000000094d00000| Complete 
|  62|0x0000000094e00000, 0x0000000094f00000, 0x0000000094f00000|100%|HC|  |TAMS 0x0000000094f00000, 0x0000000094e00000| Complete 
|  63|0x0000000094f00000, 0x0000000095000000, 0x0000000095000000|100%|HS|  |TAMS 0x0000000095000000, 0x0000000094f00000| Complete 
|  64|0x0000000095000000, 0x0000000095100000, 0x0000000095100000|100%|HC|  |TAMS 0x0000000095100000, 0x0000000095000000| Complete 
|  65|0x0000000095100000, 0x0000000095200000, 0x0000000095200000|100%|HC|  |TAMS 0x0000000095200000, 0x0000000095100000| Complete 
|  66|0x0000000095200000, 0x0000000095300000, 0x0000000095300000|100%|HC|  |TAMS 0x0000000095300000, 0x0000000095200000| Complete 
|  67|0x0000000095300000, 0x0000000095400000, 0x0000000095400000|100%|HC|  |TAMS 0x0000000095400000, 0x0000000095300000| Complete 
|  68|0x0000000095400000, 0x0000000095500000, 0x0000000095500000|100%|HC|  |TAMS 0x0000000095500000, 0x0000000095400000| Complete 
|  69|0x0000000095500000, 0x0000000095600000, 0x0000000095600000|100%|HC|  |TAMS 0x0000000095600000, 0x0000000095500000| Complete 
|  70|0x0000000095600000, 0x0000000095700000, 0x0000000095700000|100%|HC|  |TAMS 0x0000000095700000, 0x0000000095600000| Complete 
|  71|0x0000000095700000, 0x0000000095800000, 0x0000000095800000|100%|HS|  |TAMS 0x0000000095800000, 0x0000000095700000| Complete 
|  72|0x0000000095800000, 0x0000000095900000, 0x0000000095900000|100%|HC|  |TAMS 0x0000000095900000, 0x0000000095800000| Complete 
|  73|0x0000000095900000, 0x0000000095a00000, 0x0000000095a00000|100%|HC|  |TAMS 0x0000000095a00000, 0x0000000095900000| Complete 
|  74|0x0000000095a00000, 0x0000000095b00000, 0x0000000095b00000|100%|HC|  |TAMS 0x0000000095b00000, 0x0000000095a00000| Complete 
|  75|0x0000000095b00000, 0x0000000095c00000, 0x0000000095c00000|100%|HC|  |TAMS 0x0000000095c00000, 0x0000000095b00000| Complete 
|  76|0x0000000095c00000, 0x0000000095d00000, 0x0000000095d00000|100%|HC|  |TAMS 0x0000000095d00000, 0x0000000095c00000| Complete 
|  77|0x0000000095d00000, 0x0000000095e00000, 0x0000000095e00000|100%|HC|  |TAMS 0x0000000095e00000, 0x0000000095d00000| Complete 
|  78|0x0000000095e00000, 0x0000000095f00000, 0x0000000095f00000|100%|HC|  |TAMS 0x0000000095f00000, 0x0000000095e00000| Complete 
|  79|0x0000000095f00000, 0x0000000096000000, 0x0000000096000000|100%|HS|  |TAMS 0x0000000095f00000, 0x0000000095f00000| Complete 
|  80|0x0000000096000000, 0x0000000096100000, 0x0000000096100000|100%|HC|  |TAMS 0x0000000096000000, 0x0000000096000000| Complete 
|  81|0x0000000096100000, 0x0000000096200000, 0x0000000096200000|100%|HC|  |TAMS 0x0000000096100000, 0x0000000096100000| Complete 
|  82|0x0000000096200000, 0x0000000096300000, 0x0000000096300000|100%|HC|  |TAMS 0x0000000096200000, 0x0000000096200000| Complete 
|  83|0x0000000096300000, 0x0000000096400000, 0x0000000096400000|100%|HC|  |TAMS 0x0000000096300000, 0x0000000096300000| Complete 
|  84|0x0000000096400000, 0x0000000096500000, 0x0000000096500000|100%|HC|  |TAMS 0x0000000096400000, 0x0000000096400000| Complete 
|  85|0x0000000096500000, 0x0000000096600000, 0x0000000096600000|100%|HC|  |TAMS 0x0000000096500000, 0x0000000096500000| Complete 
|  86|0x0000000096600000, 0x0000000096700000, 0x0000000096700000|100%|HC|  |TAMS 0x0000000096600000, 0x0000000096600000| Complete 
|  87|0x0000000096700000, 0x0000000096700000, 0x0000000096800000|  0%| F|  |TAMS 0x0000000096700000, 0x0000000096700000| Untracked 
|  88|0x0000000096800000, 0x0000000096800000, 0x0000000096900000|  0%| F|  |TAMS 0x0000000096800000, 0x0000000096800000| Untracked 
|  89|0x0000000096900000, 0x0000000096900000, 0x0000000096a00000|  0%| F|  |TAMS 0x0000000096900000, 0x0000000096900000| Untracked 
|  90|0x0000000096a00000, 0x0000000096a00000, 0x0000000096b00000|  0%| F|  |TAMS 0x0000000096a00000, 0x0000000096a00000| Untracked 
|  91|0x0000000096b00000, 0x0000000096b00000, 0x0000000096c00000|  0%| F|  |TAMS 0x0000000096b00000, 0x0000000096b00000| Untracked 
|  92|0x0000000096c00000, 0x0000000096c00000, 0x0000000096d00000|  0%| F|  |TAMS 0x0000000096c00000, 0x0000000096c00000| Untracked 
|  93|0x0000000096d00000, 0x0000000096d00000, 0x0000000096e00000|  0%| F|  |TAMS 0x0000000096d00000, 0x0000000096d00000| Untracked 
|  94|0x0000000096e00000, 0x0000000096e00000, 0x0000000096f00000|  0%| F|  |TAMS 0x0000000096e00000, 0x0000000096e00000| Untracked 
|  95|0x0000000096f00000, 0x0000000096f00000, 0x0000000097000000|  0%| F|  |TAMS 0x0000000096f00000, 0x0000000096f00000| Untracked 
|  96|0x0000000097000000, 0x0000000097000000, 0x0000000097100000|  0%| F|  |TAMS 0x0000000097000000, 0x0000000097000000| Untracked 
|  97|0x0000000097100000, 0x0000000097100000, 0x0000000097200000|  0%| F|  |TAMS 0x0000000097100000, 0x0000000097100000| Untracked 
|  98|0x0000000097200000, 0x0000000097200000, 0x0000000097300000|  0%| F|  |TAMS 0x0000000097200000, 0x0000000097200000| Untracked 
|  99|0x0000000097300000, 0x0000000097300000, 0x0000000097400000|  0%| F|  |TAMS 0x0000000097300000, 0x0000000097300000| Untracked 
| 100|0x0000000097400000, 0x0000000097400000, 0x0000000097500000|  0%| F|  |TAMS 0x0000000097400000, 0x0000000097400000| Untracked 
| 101|0x0000000097500000, 0x0000000097500000, 0x0000000097600000|  0%| F|  |TAMS 0x0000000097500000, 0x0000000097500000| Untracked 
| 102|0x0000000097600000, 0x0000000097600000, 0x0000000097700000|  0%| F|  |TAMS 0x0000000097600000, 0x0000000097600000| Untracked 
| 103|0x0000000097700000, 0x0000000097700000, 0x0000000097800000|  0%| F|  |TAMS 0x0000000097700000, 0x0000000097700000| Untracked 
| 104|0x0000000097800000, 0x0000000097800000, 0x0000000097900000|  0%| F|  |TAMS 0x0000000097800000, 0x0000000097800000| Untracked 
| 105|0x0000000097900000, 0x0000000097900000, 0x0000000097a00000|  0%| F|  |TAMS 0x0000000097900000, 0x0000000097900000| Untracked 
| 106|0x0000000097a00000, 0x0000000097a00000, 0x0000000097b00000|  0%| F|  |TAMS 0x0000000097a00000, 0x0000000097a00000| Untracked 
| 107|0x0000000097b00000, 0x0000000097b00000, 0x0000000097c00000|  0%| F|  |TAMS 0x0000000097b00000, 0x0000000097b00000| Untracked 
| 108|0x0000000097c00000, 0x0000000097c00000, 0x0000000097d00000|  0%| F|  |TAMS 0x0000000097c00000, 0x0000000097c00000| Untracked 
| 109|0x0000000097d00000, 0x0000000097d00000, 0x0000000097e00000|  0%| F|  |TAMS 0x0000000097d00000, 0x0000000097d00000| Untracked 
| 110|0x0000000097e00000, 0x0000000097e00000, 0x0000000097f00000|  0%| F|  |TAMS 0x0000000097e00000, 0x0000000097e00000| Untracked 
| 111|0x0000000097f00000, 0x0000000097f00000, 0x0000000098000000|  0%| F|  |TAMS 0x0000000097f00000, 0x0000000097f00000| Untracked 
| 112|0x0000000098000000, 0x0000000098000000, 0x0000000098100000|  0%| F|  |TAMS 0x0000000098000000, 0x0000000098000000| Untracked 
| 113|0x0000000098100000, 0x0000000098100000, 0x0000000098200000|  0%| F|  |TAMS 0x0000000098100000, 0x0000000098100000| Untracked 
| 114|0x0000000098200000, 0x0000000098200000, 0x0000000098300000|  0%| F|  |TAMS 0x0000000098200000, 0x0000000098200000| Untracked 
| 115|0x0000000098300000, 0x0000000098300000, 0x0000000098400000|  0%| F|  |TAMS 0x0000000098300000, 0x0000000098300000| Untracked 
| 116|0x0000000098400000, 0x0000000098400000, 0x0000000098500000|  0%| F|  |TAMS 0x0000000098400000, 0x0000000098400000| Untracked 
| 117|0x0000000098500000, 0x0000000098500000, 0x0000000098600000|  0%| F|  |TAMS 0x0000000098500000, 0x0000000098500000| Untracked 
| 118|0x0000000098600000, 0x0000000098600000, 0x0000000098700000|  0%| F|  |TAMS 0x0000000098600000, 0x0000000098600000| Untracked 
| 119|0x0000000098700000, 0x0000000098700000, 0x0000000098800000|  0%| F|  |TAMS 0x0000000098700000, 0x0000000098700000| Untracked 
| 120|0x0000000098800000, 0x0000000098800000, 0x0000000098900000|  0%| F|  |TAMS 0x0000000098800000, 0x0000000098800000| Untracked 
| 121|0x0000000098900000, 0x0000000098900000, 0x0000000098a00000|  0%| F|  |TAMS 0x0000000098900000, 0x0000000098900000| Untracked 
| 122|0x0000000098a00000, 0x0000000098a00000, 0x0000000098b00000|  0%| F|  |TAMS 0x0000000098a00000, 0x0000000098a00000| Untracked 
| 123|0x0000000098b00000, 0x0000000098b00000, 0x0000000098c00000|  0%| F|  |TAMS 0x0000000098b00000, 0x0000000098b00000| Untracked 
| 124|0x0000000098c00000, 0x0000000098c00000, 0x0000000098d00000|  0%| F|  |TAMS 0x0000000098c00000, 0x0000000098c00000| Untracked 
| 125|0x0000000098d00000, 0x0000000098d00000, 0x0000000098e00000|  0%| F|  |TAMS 0x0000000098d00000, 0x0000000098d00000| Untracked 
| 126|0x0000000098e00000, 0x0000000098e00000, 0x0000000098f00000|  0%| F|  |TAMS 0x0000000098e00000, 0x0000000098e00000| Untracked 
| 127|0x0000000098f00000, 0x0000000098f00000, 0x0000000099000000|  0%| F|  |TAMS 0x0000000098f00000, 0x0000000098f00000| Untracked 
| 128|0x0000000099000000, 0x0000000099000000, 0x0000000099100000|  0%| F|  |TAMS 0x0000000099000000, 0x0000000099000000| Untracked 
| 129|0x0000000099100000, 0x0000000099100000, 0x0000000099200000|  0%| F|  |TAMS 0x0000000099100000, 0x0000000099100000| Untracked 
| 130|0x0000000099200000, 0x0000000099200000, 0x0000000099300000|  0%| F|  |TAMS 0x0000000099200000, 0x0000000099200000| Untracked 
| 131|0x0000000099300000, 0x0000000099300000, 0x0000000099400000|  0%| F|  |TAMS 0x0000000099300000, 0x0000000099300000| Untracked 
| 132|0x0000000099400000, 0x0000000099400000, 0x0000000099500000|  0%| F|  |TAMS 0x0000000099400000, 0x0000000099400000| Untracked 
| 133|0x0000000099500000, 0x0000000099500000, 0x0000000099600000|  0%| F|  |TAMS 0x0000000099500000, 0x0000000099500000| Untracked 
| 134|0x0000000099600000, 0x0000000099700000, 0x0000000099700000|100%| E|CS|TAMS 0x0000000099600000, 0x0000000099600000| Complete 
| 135|0x0000000099700000, 0x00000000997f5348, 0x0000000099800000| 95%| S|CS|TAMS 0x0000000099700000, 0x0000000099700000| Complete 
| 136|0x0000000099800000, 0x0000000099900000, 0x0000000099900000|100%| S|CS|TAMS 0x0000000099800000, 0x0000000099800000| Complete 
| 137|0x0000000099900000, 0x0000000099900000, 0x0000000099a00000|  0%| F|  |TAMS 0x0000000099900000, 0x0000000099900000| Untracked 
| 138|0x0000000099a00000, 0x0000000099a00000, 0x0000000099b00000|  0%| F|  |TAMS 0x0000000099a00000, 0x0000000099a00000| Untracked 
| 139|0x0000000099b00000, 0x0000000099b00000, 0x0000000099c00000|  0%| F|  |TAMS 0x0000000099b00000, 0x0000000099b00000| Untracked 
| 140|0x0000000099c00000, 0x0000000099c00000, 0x0000000099d00000|  0%| F|  |TAMS 0x0000000099c00000, 0x0000000099c00000| Untracked 
| 141|0x0000000099d00000, 0x0000000099d00000, 0x0000000099e00000|  0%| F|  |TAMS 0x0000000099d00000, 0x0000000099d00000| Untracked 
| 142|0x0000000099e00000, 0x0000000099e00000, 0x0000000099f00000|  0%| F|  |TAMS 0x0000000099e00000, 0x0000000099e00000| Untracked 
| 143|0x0000000099f00000, 0x0000000099f00000, 0x000000009a000000|  0%| F|  |TAMS 0x0000000099f00000, 0x0000000099f00000| Untracked 
| 144|0x000000009a000000, 0x000000009a000000, 0x000000009a100000|  0%| F|  |TAMS 0x000000009a000000, 0x000000009a000000| Untracked 
| 145|0x000000009a100000, 0x000000009a100000, 0x000000009a200000|  0%| F|  |TAMS 0x000000009a100000, 0x000000009a100000| Untracked 
| 146|0x000000009a200000, 0x000000009a200000, 0x000000009a300000|  0%| F|  |TAMS 0x000000009a200000, 0x000000009a200000| Untracked 
| 147|0x000000009a300000, 0x000000009a300000, 0x000000009a400000|  0%| F|  |TAMS 0x000000009a300000, 0x000000009a300000| Untracked 
| 148|0x000000009a400000, 0x000000009a400000, 0x000000009a500000|  0%| F|  |TAMS 0x000000009a400000, 0x000000009a400000| Untracked 
| 149|0x000000009a500000, 0x000000009a566e80, 0x000000009a600000| 40%| E|  |TAMS 0x000000009a500000, 0x000000009a500000| Complete 

Card table byte_map: [0x00000229b3930000,0x00000229b3cb0000] _byte_map_base: 0x00000229b34a8000

Marking Bits (Prev, Next): (CMBitMap*) 0x00000229a0c1af70, (CMBitMap*) 0x00000229a0c1af30
 Prev Bits: [0x00000229b5bf0000, 0x00000229b77b0000)
 Next Bits: [0x00000229b4030000, 0x00000229b5bf0000)

Polling page: 0x00000229a0390000

Metaspace:

Usage:
  Non-class:     12.16 MB used.
      Class:      1.34 MB used.
       Both:     13.50 MB used.

Virtual space:
  Non-class space:       16.00 MB reserved,      12.25 MB ( 77%) committed,  2 nodes.
      Class space:        1.00 GB reserved,       1.44 MB ( <1%) committed,  1 nodes.
             Both:        1.02 GB reserved,      13.69 MB (  1%) committed. 

Chunk freelists:
   Non-Class:  3.00 MB
       Class:  2.61 MB
        Both:  5.61 MB

MaxMetaspaceSize: unlimited
CompressedClassSpaceSize: 1.00 GB
Initial GC threshold: 21.00 MB
Current GC threshold: 22.50 MB
CDS: off
MetaspaceReclaimPolicy: balanced
 - commit_granule_bytes: 65536.
 - commit_granule_words: 8192.
 - virtual_space_node_default_size: 1048576.
 - enlarge_chunks_in_place: 1.
 - new_chunks_are_fully_committed: 0.
 - uncommit_free_chunks: 1.
 - use_allocation_guard: 0.
 - handle_deallocations: 1.


Internal statistics:

num_allocs_failed_limit: 0.
num_arena_births: 116.
num_arena_deaths: 0.
num_vsnodes_births: 3.
num_vsnodes_deaths: 0.
num_space_committed: 219.
num_space_uncommitted: 0.
num_chunks_returned_to_freelist: 0.
num_chunks_taken_from_freelist: 186.
num_chunk_merges: 0.
num_chunk_splits: 98.
num_chunks_enlarged: 45.
num_purges: 0.
num_inconsistent_stats: 0.

CodeHeap 'non-profiled nmethods': size=120000Kb used=396Kb max_used=396Kb free=119603Kb
 bounds [0x00000229abd50000, 0x00000229abfc0000, 0x00000229b3280000]
CodeHeap 'profiled nmethods': size=120000Kb used=1249Kb max_used=1249Kb free=118750Kb
 bounds [0x00000229a4280000, 0x00000229a44f0000, 0x00000229ab7b0000]
CodeHeap 'non-nmethods': size=5760Kb used=1261Kb max_used=1276Kb free=4498Kb
 bounds [0x00000229ab7b0000, 0x00000229aba20000, 0x00000229abd50000]
 total_blobs=1450 nmethods=865 adapters=497
 compilation: enabled
              stopped_count=0, restarted_count=0
 full_count=0

Compilation events (20 events):
Event: 2.417 Thread 0x00000229bac19c10  786       3       java.lang.ref.ReferenceQueue::reallyPoll (65 bytes)
Event: 2.420 Thread 0x00000229bac19c10 nmethod 786 0x00000229a439ed90 code [0x00000229a439ef60, 0x00000229a439f478]
Event: 2.422 Thread 0x00000229bac19310  787       4       sun.java2d.loops.GraphicsPrimitiveMgr$2::compare (39 bytes)
Event: 2.429 Thread 0x00000229bac19310 nmethod 787 0x00000229abdae590 code [0x00000229abdae720, 0x00000229abdae818]
Event: 2.454 Thread 0x00000229bac19c10  788       1       java.util.concurrent.locks.AbstractOwnableSynchronizer::getExclusiveOwnerThread (5 bytes)
Event: 2.454 Thread 0x00000229bac19c10 nmethod 788 0x00000229abdae910 code [0x00000229abdaeaa0, 0x00000229abdaeb78]
Event: 2.454 Thread 0x00000229bac19c10  789       1       java.util.concurrent.locks.AbstractQueuedSynchronizer::getState (5 bytes)
Event: 2.454 Thread 0x00000229bac19c10 nmethod 789 0x00000229abdaec10 code [0x00000229abdaeda0, 0x00000229abdaee78]
Event: 2.488 Thread 0x00000229bac19c10  790       3       jdk.internal.ref.CleanerImpl::getCleanerImpl (13 bytes)
Event: 2.489 Thread 0x00000229bac19c10 nmethod 790 0x00000229a439f590 code [0x00000229a439f740, 0x00000229a439f9e8]
Event: 2.489 Thread 0x00000229bac19c10  791       3       java.lang.ref.Cleaner$1::apply (9 bytes)
Event: 2.489 Thread 0x00000229bac19c10 nmethod 791 0x00000229a439fb10 code [0x00000229a439fcc0, 0x00000229a439ff38]
Event: 2.489 Thread 0x00000229bac19c10  792       3       java.lang.ref.Cleaner$1::apply (5 bytes)
Event: 2.489 Thread 0x00000229bac19c10 nmethod 792 0x00000229a43a0010 code [0x00000229a43a01a0, 0x00000229a43a02b8]
Event: 2.494 Thread 0x00000229bac19c10  793       3       java.lang.StringLatin1::toLowerCase (186 bytes)
Event: 2.496 Thread 0x00000229bac19c10 nmethod 793 0x00000229a43a0390 code [0x00000229a43a0600, 0x00000229a43a1138]
Event: 2.496 Thread 0x00000229bac19c10  794       3       java.lang.String::toLowerCase (29 bytes)
Event: 2.496 Thread 0x00000229bac19c10 nmethod 794 0x00000229a43a1510 code [0x00000229a43a16e0, 0x00000229a43a1998]
Event: 2.498 Thread 0x00000229bac19310  795       4       java.lang.CharacterDataLatin1::toLowerCase (39 bytes)
Event: 2.499 Thread 0x00000229bac19310 nmethod 795 0x00000229abdaef10 code [0x00000229abdaf080, 0x00000229abdaf178]

GC Heap History (12 events):
Event: 1.057 GC heap before
{Heap before GC invocations=0 (full 0):
 garbage-first heap   total 114688K, used 53248K [0x0000000091000000, 0x0000000100000000)
  region size 1024K, 23 young (23552K), 0 survivors (0K)
 Metaspace       used 11805K, committed 11968K, reserved 1064960K
  class space    used 1127K, committed 1216K, reserved 1048576K
}
Event: 1.061 GC heap after
{Heap after GC invocations=1 (full 0):
 garbage-first heap   total 114688K, used 31432K [0x0000000091000000, 0x0000000100000000)
  region size 1024K, 2 young (2048K), 2 survivors (2048K)
 Metaspace       used 11805K, committed 11968K, reserved 1064960K
  class space    used 1127K, committed 1216K, reserved 1048576K
}
Event: 1.232 GC heap before
{Heap before GC invocations=1 (full 0):
 garbage-first heap   total 114688K, used 46792K [0x0000000091000000, 0x0000000100000000)
  region size 1024K, 18 young (18432K), 2 survivors (2048K)
 Metaspace       used 11820K, committed 12096K, reserved 1064960K
  class space    used 1128K, committed 1280K, reserved 1048576K
}
Event: 1.236 GC heap after
{Heap after GC invocations=2 (full 0):
 garbage-first heap   total 114688K, used 31432K [0x0000000091000000, 0x0000000100000000)
  region size 1024K, 2 young (2048K), 2 survivors (2048K)
 Metaspace       used 11820K, committed 12096K, reserved 1064960K
  class space    used 1128K, committed 1280K, reserved 1048576K
}
Event: 1.791 GC heap before
{Heap before GC invocations=2 (full 0):
 garbage-first heap   total 114688K, used 101064K [0x0000000091000000, 0x0000000100000000)
  region size 1024K, 37 young (37888K), 2 survivors (2048K)
 Metaspace       used 11824K, committed 12096K, reserved 1064960K
  class space    used 1129K, committed 1280K, reserved 1048576K
}
Event: 1.795 GC heap after
{Heap after GC invocations=3 (full 0):
 garbage-first heap   total 114688K, used 66164K [0x0000000091000000, 0x0000000100000000)
  region size 1024K, 2 young (2048K), 2 survivors (2048K)
 Metaspace       used 11824K, committed 12096K, reserved 1064960K
  class space    used 1129K, committed 1280K, reserved 1048576K
}
Event: 1.859 GC heap before
{Heap before GC invocations=3 (full 0):
 garbage-first heap   total 114688K, used 71284K [0x0000000091000000, 0x0000000100000000)
  region size 1024K, 8 young (8192K), 2 survivors (2048K)
 Metaspace       used 11825K, committed 12096K, reserved 1064960K
  class space    used 1129K, committed 1280K, reserved 1048576K
}
Event: 1.863 GC heap after
{Heap after GC invocations=4 (full 0):
 garbage-first heap   total 114688K, used 66330K [0x0000000091000000, 0x0000000100000000)
  region size 1024K, 2 young (2048K), 2 survivors (2048K)
 Metaspace       used 11825K, committed 12096K, reserved 1064960K
  class space    used 1129K, committed 1280K, reserved 1048576K
}
Event: 2.412 GC heap before
{Heap before GC invocations=5 (full 0):
 garbage-first heap   total 124928K, used 86810K [0x0000000091000000, 0x0000000100000000)
  region size 1024K, 15 young (15360K), 2 survivors (2048K)
 Metaspace       used 13663K, committed 13824K, reserved 1064960K
  class space    used 1353K, committed 1472K, reserved 1048576K
}
Event: 2.416 GC heap after
{Heap after GC invocations=6 (full 0):
 garbage-first heap   total 124928K, used 74677K [0x0000000091000000, 0x0000000100000000)
  region size 1024K, 2 young (2048K), 2 survivors (2048K)
 Metaspace       used 13663K, committed 13824K, reserved 1064960K
  class space    used 1353K, committed 1472K, reserved 1048576K
}
Event: 2.423 GC heap before
{Heap before GC invocations=7 (full 0):
 garbage-first heap   total 140288K, used 82869K [0x0000000091000000, 0x0000000100000000)
  region size 1024K, 3 young (3072K), 2 survivors (2048K)
 Metaspace       used 13678K, committed 13888K, reserved 1064960K
  class space    used 1354K, committed 1472K, reserved 1048576K
}
Event: 2.427 GC heap after
{Heap after GC invocations=8 (full 0):
 garbage-first heap   total 140288K, used 82900K [0x0000000091000000, 0x0000000100000000)
  region size 1024K, 2 young (2048K), 2 survivors (2048K)
 Metaspace       used 13678K, committed 13888K, reserved 1064960K
  class space    used 1354K, committed 1472K, reserved 1048576K
}

Dll operation events (8 events):
Event: 0.013 Loaded shared library C:\Users\anayd\.p2\pool\plugins\org.eclipse.justj.openjdk.hotspot.jre.full.win32.x86_64_17.0.6.v20230204-1729\jre\bin\java.dll
Event: 0.186 Loaded shared library C:\Users\anayd\.p2\pool\plugins\org.eclipse.justj.openjdk.hotspot.jre.full.win32.x86_64_17.0.6.v20230204-1729\jre\bin\jimage.dll
Event: 0.245 Loaded shared library C:\Users\anayd\.p2\pool\plugins\org.eclipse.justj.openjdk.hotspot.jre.full.win32.x86_64_17.0.6.v20230204-1729\jre\bin\awt.dll
Event: 0.668 Loaded shared library C:\Users\anayd\.p2\pool\plugins\org.eclipse.justj.openjdk.hotspot.jre.full.win32.x86_64_17.0.6.v20230204-1729\jre\bin\net.dll
Event: 0.707 Loaded shared library C:\Users\anayd\.p2\pool\plugins\org.eclipse.justj.openjdk.hotspot.jre.full.win32.x86_64_17.0.6.v20230204-1729\jre\bin\nio.dll
Event: 0.737 Loaded shared library C:\Users\anayd\.p2\pool\plugins\org.eclipse.justj.openjdk.hotspot.jre.full.win32.x86_64_17.0.6.v20230204-1729\jre\bin\zip.dll
Event: 2.254 Loaded shared library C:\Users\anayd\.p2\pool\plugins\org.eclipse.justj.openjdk.hotspot.jre.full.win32.x86_64_17.0.6.v20230204-1729\jre\bin\freetype.dll
Event: 2.256 Loaded shared library C:\Users\anayd\.p2\pool\plugins\org.eclipse.justj.openjdk.hotspot.jre.full.win32.x86_64_17.0.6.v20230204-1729\jre\bin\fontmanager.dll

Deoptimization events (20 events):
Event: 2.163 Thread 0x00000229a0bc5280 DEOPT PACKING pc=0x00000229a437e31d sp=0x000000a3781ff0e0
Event: 2.163 Thread 0x00000229a0bc5280 DEOPT UNPACKING pc=0x00000229ab807143 sp=0x000000a3781fe578 mode 0
Event: 2.164 Thread 0x00000229a0bc5280 DEOPT PACKING pc=0x00000229a437e31d sp=0x000000a3781ff0e0
Event: 2.164 Thread 0x00000229a0bc5280 DEOPT UNPACKING pc=0x00000229ab807143 sp=0x000000a3781fe578 mode 0
Event: 2.165 Thread 0x00000229a0bc5280 DEOPT PACKING pc=0x00000229a437e31d sp=0x000000a3781ff0e0
Event: 2.165 Thread 0x00000229a0bc5280 DEOPT UNPACKING pc=0x00000229ab807143 sp=0x000000a3781fe578 mode 0
Event: 2.166 Thread 0x00000229a0bc5280 DEOPT PACKING pc=0x00000229a437e31d sp=0x000000a3781ff0e0
Event: 2.166 Thread 0x00000229a0bc5280 DEOPT UNPACKING pc=0x00000229ab807143 sp=0x000000a3781fe578 mode 0
Event: 2.168 Thread 0x00000229a0bc5280 DEOPT PACKING pc=0x00000229a437e31d sp=0x000000a3781ff0e0
Event: 2.168 Thread 0x00000229a0bc5280 DEOPT UNPACKING pc=0x00000229ab807143 sp=0x000000a3781fe578 mode 0
Event: 2.169 Thread 0x00000229a0bc5280 DEOPT PACKING pc=0x00000229a437e31d sp=0x000000a3781ff0e0
Event: 2.169 Thread 0x00000229a0bc5280 DEOPT UNPACKING pc=0x00000229ab807143 sp=0x000000a3781fe578 mode 0
Event: 2.170 Thread 0x00000229a0bc5280 DEOPT PACKING pc=0x00000229a437e31d sp=0x000000a3781ff0e0
Event: 2.170 Thread 0x00000229a0bc5280 DEOPT UNPACKING pc=0x00000229ab807143 sp=0x000000a3781fe578 mode 0
Event: 2.174 Thread 0x00000229a0bc5280 DEOPT PACKING pc=0x00000229a437e31d sp=0x000000a3781ff0e0
Event: 2.174 Thread 0x00000229a0bc5280 DEOPT UNPACKING pc=0x00000229ab807143 sp=0x000000a3781fe578 mode 0
Event: 2.181 Thread 0x00000229a0bc5280 DEOPT PACKING pc=0x00000229a437e31d sp=0x000000a3781ff0e0
Event: 2.181 Thread 0x00000229a0bc5280 DEOPT UNPACKING pc=0x00000229ab807143 sp=0x000000a3781fe578 mode 0
Event: 2.278 Thread 0x00000229a0bc5280 DEOPT PACKING pc=0x00000229a4297067 sp=0x000000a3781fd530
Event: 2.278 Thread 0x00000229a0bc5280 DEOPT UNPACKING pc=0x00000229ab807143 sp=0x000000a3781fc950 mode 0

Classes unloaded (0 events):
No events

Classes redefined (0 events):
No events

Internal exceptions (14 events):
Event: 0.226 Thread 0x00000229a0bc5280 Exception <a 'java/lang/ClassNotFoundException'{0x0000000097e448f8}: sun/awt/resources/spi/awtProvider> (0x0000000097e448f8) 
thrown [s\src\hotspot\share\classfile\systemDictionary.cpp, line 256]
Event: 0.277 Thread 0x00000229a0bc5280 Exception <a 'java/io/FileNotFoundException'{0x0000000097e9f270}> (0x0000000097e9f270) 
thrown [s\src\hotspot\share\prims\jni.cpp, line 516]
Event: 0.287 Thread 0x00000229a0bc5280 Exception <a 'java/io/FileNotFoundException'{0x0000000097ecc1e8}> (0x0000000097ecc1e8) 
thrown [s\src\hotspot\share\prims\jni.cpp, line 516]
Event: 0.368 Thread 0x00000229a0bc5280 Exception <a 'java/lang/NoSuchMethodError'{0x0000000097d1daa8}: 'java.lang.Object java.lang.invoke.DirectMethodHandle$Holder.invokeStaticInit(java.lang.Object)'> (0x0000000097d1daa8) 
thrown [s\src\hotspot\share\interpreter\linkResolver.cpp, line 759]
Event: 0.509 Thread 0x00000229a0bc5280 Exception <a 'java/lang/NoSuchMethodError'{0x0000000097d68818}: 'void java.lang.invoke.DirectMethodHandle$Holder.invokeSpecial(java.lang.Object, java.lang.Object, java.lang.Object)'> (0x0000000097d68818) 
thrown [s\src\hotspot\share\interpreter\linkResolver.cpp, line 759]
Event: 0.525 Thread 0x00000229a0bc5280 Exception <a 'java/lang/NoSuchMethodError'{0x0000000097c09008}: 'java.lang.Object java.lang.invoke.DirectMethodHandle$Holder.newInvokeSpecial(java.lang.Object, java.lang.Object, java.lang.Object, java.lang.Object, java.lang.Object)'> (0x0000000097c09008) 
thrown [s\src\hotspot\share\interpreter\linkResolver.cpp, line 759]
Event: 0.528 Thread 0x00000229a0bc5280 Exception <a 'java/lang/NoSuchMethodError'{0x0000000097c149d0}: 'java.lang.Object java.lang.invoke.DirectMethodHandle$Holder.invokeStatic(java.lang.Object, int, java.lang.Object, java.lang.Object, java.lang.Object, java.lang.Object)'> (0x0000000097c149d0) 
thrown [s\src\hotspot\share\interpreter\linkResolver.cpp, line 759]
Event: 0.535 Thread 0x00000229a0bc5280 Exception <a 'java/lang/NoSuchMethodError'{0x0000000097c3a190}: 'java.lang.Object java.lang.invoke.DirectMethodHandle$Holder.invokeStatic(java.lang.Object, int, java.lang.Object)'> (0x0000000097c3a190) 
thrown [s\src\hotspot\share\interpreter\linkResolver.cpp, line 759]
Event: 0.575 Thread 0x00000229a0bc5280 Exception <a 'java/lang/ClassNotFoundException'{0x0000000097cf2148}: com/sun/swing/internal/plaf/metal/resources/spi/metalProvider> (0x0000000097cf2148) 
thrown [s\src\hotspot\share\classfile\systemDictionary.cpp, line 256]
Event: 0.577 Thread 0x00000229a0bc5280 Exception <a 'java/lang/ClassNotFoundException'{0x0000000097cf5fd0}: com/sun/swing/internal/plaf/basic/resources/spi/basicProvider> (0x0000000097cf5fd0) 
thrown [s\src\hotspot\share\classfile\systemDictionary.cpp, line 256]
Event: 0.644 Thread 0x00000229a0bc5280 Exception <a 'java/lang/NoSuchMethodError'{0x0000000097b6a8e0}: 'java.lang.Object java.lang.invoke.DirectMethodHandle$Holder.invokeStaticInit(java.lang.Object, int, int, int, int)'> (0x0000000097b6a8e0) 
thrown [s\src\hotspot\share\interpreter\linkResolver.cpp, line 759]
Event: 0.719 Thread 0x00000229a0bc5280 Exception <a 'java/lang/NoSuchMethodError'{0x0000000097bbdcb8}: 'java.lang.Object java.lang.invoke.DirectMethodHandle$Holder.invokeStaticInit(java.lang.Object, java.lang.Object, int, int, int, int)'> (0x0000000097bbdcb8) 
thrown [s\src\hotspot\share\interpreter\linkResolver.cpp, line 759]
Event: 2.214 Thread 0x00000229bb1b0130 Exception <a 'java/lang/NoSuchMethodError'{0x0000000097fdca70}: 'void java.lang.invoke.DirectMethodHandle$Holder.invokeVirtual(java.lang.Object, java.lang.Object)'> (0x0000000097fdca70) 
thrown [s\src\hotspot\share\interpreter\linkResolver.cpp, line 759]
Event: 2.244 Thread 0x00000229a0bc5280 Exception <a 'java/lang/NoSuchMethodError'{0x0000000097f47b50}: 'void java.lang.invoke.DirectMethodHandle$Holder.invokeStaticInit(java.lang.Object)'> (0x0000000097f47b50) 
thrown [s\src\hotspot\share\interpreter\linkResolver.cpp, line 759]

VM Operations (20 events):
Event: 1.859 Executing VM operation: G1TryInitiateConcMark
Event: 1.863 Executing VM operation: G1TryInitiateConcMark done
Event: 1.865 Executing VM operation: G1Concurrent
Event: 1.877 Executing VM operation: G1Concurrent done
Event: 1.877 Executing VM operation: G1Concurrent
Event: 1.877 Executing VM operation: G1Concurrent done
Event: 2.284 Executing VM operation: HandshakeAllThreads
Event: 2.284 Executing VM operation: HandshakeAllThreads done
Event: 2.412 Executing VM operation: G1TryInitiateConcMark
Event: 2.416 Executing VM operation: G1TryInitiateConcMark done
Event: 2.418 Executing VM operation: G1Concurrent
Event: 2.419 Executing VM operation: G1Concurrent done
Event: 2.419 Executing VM operation: G1Concurrent
Event: 2.420 Executing VM operation: G1Concurrent done
Event: 2.423 Executing VM operation: G1TryInitiateConcMark
Event: 2.427 Executing VM operation: G1TryInitiateConcMark done
Event: 2.429 Executing VM operation: G1Concurrent
Event: 2.430 Executing VM operation: G1Concurrent done
Event: 2.430 Executing VM operation: G1Concurrent
Event: 2.431 Executing VM operation: G1Concurrent done

Events (20 events):
Event: 2.410 loading class sun/java2d/loops/Blit$GeneralMaskBlit
Event: 2.410 loading class sun/java2d/loops/Blit$GeneralMaskBlit done
Event: 2.410 loading class sun/java2d/d3d/D3DSurfaceDataProxy
Event: 2.410 loading class sun/java2d/d3d/D3DSurfaceDataProxy done
Event: 2.411 loading class sun/java2d/loops/MaskBlit$General
Event: 2.411 loading class sun/java2d/loops/GraphicsPrimitive$GeneralBinaryOp
Event: 2.411 loading class sun/java2d/loops/GraphicsPrimitive$GeneralBinaryOp done
Event: 2.411 loading class sun/java2d/loops/MaskBlit$General done
Event: 2.412 loading class java/awt/image/DataBufferInt
Event: 2.412 loading class java/awt/image/DataBufferInt done
Event: 2.420 loading class sun/awt/image/IntegerInterleavedRaster
Event: 2.421 loading class sun/awt/image/IntegerInterleavedRaster done
Event: 2.488 loading class sun/java2d/loops/FontInfo
Event: 2.488 loading class sun/java2d/loops/FontInfo done
Event: 2.488 loading class sun/font/SunFontManager$FamilyDescription
Event: 2.489 loading class sun/font/SunFontManager$FamilyDescription done
Event: 2.489 loading class java/util/concurrent/ConcurrentHashMap$KeySetView
Event: 2.489 loading class java/util/concurrent/ConcurrentHashMap$KeySetView done
Event: 2.489 loading class java/util/concurrent/ConcurrentHashMap$KeyIterator
Event: 2.489 loading class java/util/concurrent/ConcurrentHashMap$KeyIterator done


Dynamic libraries:
0x00007ff61abe0000 - 0x00007ff61abee000 	C:\Users\anayd\.p2\pool\plugins\org.eclipse.justj.openjdk.hotspot.jre.full.win32.x86_64_17.0.6.v20230204-1729\jre\bin\javaw.exe
0x00007ffb0d2d0000 - 0x00007ffb0d4e4000 	C:\WINDOWS\SYSTEM32\ntdll.dll
0x00007ffb0c080000 - 0x00007ffb0c142000 	C:\WINDOWS\System32\KERNEL32.DLL
0x00007ffb0aa70000 - 0x00007ffb0ae0c000 	C:\WINDOWS\System32\KERNELBASE.dll
0x00007ffb0af40000 - 0x00007ffb0b051000 	C:\WINDOWS\System32\ucrtbase.dll
0x00007ffb05d40000 - 0x00007ffb05d57000 	C:\Users\anayd\.p2\pool\plugins\org.eclipse.justj.openjdk.hotspot.jre.full.win32.x86_64_17.0.6.v20230204-1729\jre\bin\jli.dll
0x00007ffb05d60000 - 0x00007ffb05d79000 	C:\Users\anayd\.p2\pool\plugins\org.eclipse.justj.openjdk.hotspot.jre.full.win32.x86_64_17.0.6.v20230204-1729\jre\bin\VCRUNTIME140.dll
0x00007ffb0bed0000 - 0x00007ffb0c07b000 	C:\WINDOWS\System32\USER32.dll
0x00007ffafcd40000 - 0x00007ffafcfce000 	C:\WINDOWS\WinSxS\amd64_microsoft.windows.common-controls_6595b64144ccf1df_6.0.22621.608_none_a9444ca7c10bb01d\COMCTL32.dll
0x00007ffb0c150000 - 0x00007ffb0c1f7000 	C:\WINDOWS\System32\msvcrt.dll
0x00007ffb0ce20000 - 0x00007ffb0ce49000 	C:\WINDOWS\System32\GDI32.dll
0x00007ffb0a880000 - 0x00007ffb0a8a6000 	C:\WINDOWS\System32\win32u.dll
0x00007ffb0a950000 - 0x00007ffb0aa63000 	C:\WINDOWS\System32\gdi32full.dll
0x00007ffb0a8b0000 - 0x00007ffb0a94a000 	C:\WINDOWS\System32\msvcp_win.dll
0x00007ffb0d050000 - 0x00007ffb0d081000 	C:\WINDOWS\System32\IMM32.DLL
0x00007ffb05d30000 - 0x00007ffb05d3c000 	C:\Users\anayd\.p2\pool\plugins\org.eclipse.justj.openjdk.hotspot.jre.full.win32.x86_64_17.0.6.v20230204-1729\jre\bin\vcruntime140_1.dll
0x00007ffaf0ca0000 - 0x00007ffaf0d31000 	C:\Users\anayd\.p2\pool\plugins\org.eclipse.justj.openjdk.hotspot.jre.full.win32.x86_64_17.0.6.v20230204-1729\jre\bin\msvcp140.dll
0x00007ffad91a0000 - 0x00007ffad9de7000 	C:\Users\anayd\.p2\pool\plugins\org.eclipse.justj.openjdk.hotspot.jre.full.win32.x86_64_17.0.6.v20230204-1729\jre\bin\server\jvm.dll
0x00007ffb0be20000 - 0x00007ffb0bece000 	C:\WINDOWS\System32\ADVAPI32.dll
0x00007ffb0b430000 - 0x00007ffb0b4d4000 	C:\WINDOWS\System32\sechost.dll
0x00007ffb0c200000 - 0x00007ffb0c315000 	C:\WINDOWS\System32\RPCRT4.dll
0x00007ffb08530000 - 0x00007ffb08564000 	C:\WINDOWS\SYSTEM32\WINMM.dll
0x00007ffb05c70000 - 0x00007ffb05c79000 	C:\WINDOWS\SYSTEM32\WSOCK32.dll
0x00007ffb05880000 - 0x00007ffb0588a000 	C:\WINDOWS\SYSTEM32\VERSION.dll
0x00007ffb0b4f0000 - 0x00007ffb0b561000 	C:\WINDOWS\System32\WS2_32.dll
0x00007ffb09740000 - 0x00007ffb09758000 	C:\WINDOWS\SYSTEM32\kernel.appcore.dll
0x00007ffb05c60000 - 0x00007ffb05c6a000 	C:\Users\anayd\.p2\pool\plugins\org.eclipse.justj.openjdk.hotspot.jre.full.win32.x86_64_17.0.6.v20230204-1729\jre\bin\jimage.dll
0x00007ffb07f90000 - 0x00007ffb081be000 	C:\WINDOWS\SYSTEM32\DBGHELP.DLL
0x00007ffb0c980000 - 0x00007ffb0cd09000 	C:\WINDOWS\System32\combase.dll
0x00007ffb0b160000 - 0x00007ffb0b237000 	C:\WINDOWS\System32\OLEAUT32.dll
0x00007ffaf1a00000 - 0x00007ffaf1a32000 	C:\WINDOWS\SYSTEM32\dbgcore.DLL
0x00007ffb0b060000 - 0x00007ffb0b0db000 	C:\WINDOWS\System32\bcryptPrimitives.dll
0x00007ffb05ac0000 - 0x00007ffb05ae5000 	C:\Users\anayd\.p2\pool\plugins\org.eclipse.justj.openjdk.hotspot.jre.full.win32.x86_64_17.0.6.v20230204-1729\jre\bin\java.dll
0x00007ffb05480000 - 0x00007ffb05498000 	C:\Users\anayd\.p2\pool\plugins\org.eclipse.justj.openjdk.hotspot.jre.full.win32.x86_64_17.0.6.v20230204-1729\jre\bin\zip.dll
0x00007ffb0b5d0000 - 0x00007ffb0bdc0000 	C:\WINDOWS\System32\SHELL32.dll
0x00007ffb086e0000 - 0x00007ffb08fad000 	C:\WINDOWS\SYSTEM32\windows.storage.dll
0x00007ffb085a0000 - 0x00007ffb086de000 	C:\WINDOWS\SYSTEM32\wintypes.dll
0x00007ffb0cd20000 - 0x00007ffb0ce11000 	C:\WINDOWS\System32\SHCORE.dll
0x00007ffb0bdc0000 - 0x00007ffb0be1e000 	C:\WINDOWS\System32\shlwapi.dll
0x00007ffb0a640000 - 0x00007ffb0a661000 	C:\WINDOWS\SYSTEM32\profapi.dll
0x00007ffae60d0000 - 0x00007ffae625e000 	C:\Users\anayd\.p2\pool\plugins\org.eclipse.justj.openjdk.hotspot.jre.full.win32.x86_64_17.0.6.v20230204-1729\jre\bin\awt.dll
0x00007ffb05080000 - 0x00007ffb05116000 	C:\WINDOWS\SYSTEM32\apphelp.dll
0x00007ffb06fb0000 - 0x00007ffb06fdb000 	C:\WINDOWS\system32\DWMAPI.DLL
0x00007ffb06130000 - 0x00007ffb061db000 	C:\WINDOWS\system32\uxtheme.dll
0x00007ffac1b40000 - 0x00007ffac1c40000 	C:\WINDOWS\system32\opengl32.dll
0x00007ffaf09e0000 - 0x00007ffaf0a0d000 	C:\WINDOWS\SYSTEM32\GLU32.dll
0x00007ffb074a0000 - 0x00007ffb074d6000 	C:\WINDOWS\SYSTEM32\dxcore.dll
0x00007ffae5f40000 - 0x00007ffae5f97000 	C:\Program Files\Huawei\PCManager\plugins\PerfWndMonModule.dll
0x00007ffb0d170000 - 0x00007ffb0d28e000 	C:\WINDOWS\System32\MSCTF.dll
0x00007ffb0ceb0000 - 0x00007ffb0d04c000 	C:\WINDOWS\System32\ole32.dll
0x00007ffacf1b0000 - 0x00007ffacf359000 	C:\WINDOWS\system32\d3d9.dll
0x00007ffafffd0000 - 0x00007ffb001ad000 	C:\WINDOWS\System32\DriverStore\FileRepository\u0355756.inf_amd64_5146fc3a012e7afa\B354291\aticfx64.dll
0x00007ffacf600000 - 0x00007ffacf630000 	C:\WINDOWS\System32\DriverStore\FileRepository\u0355756.inf_amd64_5146fc3a012e7afa\B354291\atiu9p64.dll
0x00007fface360000 - 0x00007ffacf02b000 	C:\WINDOWS\System32\DriverStore\FileRepository\u0355756.inf_amd64_5146fc3a012e7afa\B354291\atiumd64.dll
0x0000000070290000 - 0x0000000071013000 	C:\WINDOWS\System32\DriverStore\FileRepository\u0355756.inf_amd64_5146fc3a012e7afa\B354291\atiumd6a.dll
0x00007ffb0a5e0000 - 0x00007ffb0a62d000 	C:\WINDOWS\SYSTEM32\POWRPROF.dll
0x00007ffb0a5c0000 - 0x00007ffb0a5d3000 	C:\WINDOWS\SYSTEM32\UMPDC.dll
0x00007ffb02970000 - 0x00007ffb029b8000 	C:\WINDOWS\SYSTEM32\directxdatabasehelper.dll
0x00007ffb09e30000 - 0x00007ffb09e4b000 	C:\WINDOWS\SYSTEM32\CRYPTSP.dll
0x00007ffb096b0000 - 0x00007ffb096e5000 	C:\WINDOWS\system32\rsaenh.dll
0x00007ffb09ce0000 - 0x00007ffb09d08000 	C:\WINDOWS\SYSTEM32\USERENV.dll
0x00007ffb09ff0000 - 0x00007ffb0a018000 	C:\WINDOWS\SYSTEM32\bcrypt.dll
0x00007ffb09e50000 - 0x00007ffb09e5c000 	C:\WINDOWS\SYSTEM32\CRYPTBASE.dll
0x00007ffb05460000 - 0x00007ffb05479000 	C:\Users\anayd\.p2\pool\plugins\org.eclipse.justj.openjdk.hotspot.jre.full.win32.x86_64_17.0.6.v20230204-1729\jre\bin\net.dll
0x00007ffb05120000 - 0x00007ffb05257000 	C:\WINDOWS\SYSTEM32\WINHTTP.dll
0x00007ffb09bc0000 - 0x00007ffb09c29000 	C:\WINDOWS\system32\mswsock.dll
0x00007ffb09200000 - 0x00007ffb0922d000 	C:\WINDOWS\SYSTEM32\IPHLPAPI.DLL
0x00007ffb0cd10000 - 0x00007ffb0cd19000 	C:\WINDOWS\System32\NSI.dll
0x00007ffb05060000 - 0x00007ffb05079000 	C:\WINDOWS\SYSTEM32\dhcpcsvc6.DLL
0x00007ffb05040000 - 0x00007ffb0505f000 	C:\WINDOWS\SYSTEM32\dhcpcsvc.DLL
0x00007ffb09270000 - 0x00007ffb09363000 	C:\WINDOWS\SYSTEM32\DNSAPI.dll
0x00007ffb05440000 - 0x00007ffb05455000 	C:\Users\anayd\.p2\pool\plugins\org.eclipse.justj.openjdk.hotspot.jre.full.win32.x86_64_17.0.6.v20230204-1729\jre\bin\nio.dll
0x00007ffae5a10000 - 0x00007ffae5a96000 	C:\Users\anayd\.p2\pool\plugins\org.eclipse.justj.openjdk.hotspot.jre.full.win32.x86_64_17.0.6.v20230204-1729\jre\bin\freetype.dll
0x00007ffae5940000 - 0x00007ffae5a05000 	C:\Users\anayd\.p2\pool\plugins\org.eclipse.justj.openjdk.hotspot.jre.full.win32.x86_64_17.0.6.v20230204-1729\jre\bin\fontmanager.dll
0x00007ffafbb60000 - 0x00007ffafbc8e000 	C:\WINDOWS\SYSTEM32\textinputframework.dll

dbghelp: loaded successfully - version: 4.0.5 - missing functions: none
symbol engine: initialized successfully - sym options: 0x614 - pdb path: .;C:\Users\anayd\.p2\pool\plugins\org.eclipse.justj.openjdk.hotspot.jre.full.win32.x86_64_17.0.6.v20230204-1729\jre\bin;C:\WINDOWS\SYSTEM32;C:\WINDOWS\WinSxS\amd64_microsoft.windows.common-controls_6595b64144ccf1df_6.0.22621.608_none_a9444ca7c10bb01d;C:\Users\anayd\.p2\pool\plugins\org.eclipse.justj.openjdk.hotspot.jre.full.win32.x86_64_17.0.6.v20230204-1729\jre\bin\server;C:\Program Files\Huawei\PCManager\plugins;C:\WINDOWS\System32\DriverStore\FileRepository\u0355756.inf_amd64_5146fc3a012e7afa\B354291

VM Arguments:
jvm_args: -Dfile.encoding=UTF-8 -XX:+ShowCodeDetailsInExceptionMessages 
java_command: com.project.gaming.canvas.GameFrame
java_class_path (initial): C:\Users\anayd\eclipse-workspace\Game-Street-Fighter\GameApp\bin
Launcher Type: SUN_STANDARD

[Global flags]
     intx CICompilerCount                          = 4                                         {product} {ergonomic}
     uint ConcGCThreads                            = 2                                         {product} {ergonomic}
     uint G1ConcRefinementThreads                  = 8                                         {product} {ergonomic}
   size_t G1HeapRegionSize                         = 1048576                                   {product} {ergonomic}
    uintx GCDrainStackTargetSize                   = 64                                        {product} {ergonomic}
   size_t InitialHeapSize                          = 117440512                                 {product} {ergonomic}
   size_t MarkStackSize                            = 4194304                                   {product} {ergonomic}
   size_t MaxHeapSize                              = 1862270976                                {product} {ergonomic}
   size_t MaxNewSize                               = 1116733440                                {product} {ergonomic}
   size_t MinHeapDeltaBytes                        = 1048576                                   {product} {ergonomic}
   size_t MinHeapSize                              = 8388608                                   {product} {ergonomic}
    uintx NonNMethodCodeHeapSize                   = 5839372                                {pd product} {ergonomic}
    uintx NonProfiledCodeHeapSize                  = 122909434                              {pd product} {ergonomic}
    uintx ProfiledCodeHeapSize                     = 122909434                              {pd product} {ergonomic}
    uintx ReservedCodeCacheSize                    = 251658240                              {pd product} {ergonomic}
     bool SegmentedCodeCache                       = true                                      {product} {ergonomic}
     bool ShowCodeDetailsInExceptionMessages       = true                                   {manageable} {command line}
   size_t SoftMaxHeapSize                          = 1862270976                             {manageable} {ergonomic}
     bool UseCompressedClassPointers               = true                           {product lp64_product} {ergonomic}
     bool UseCompressedOops                        = true                           {product lp64_product} {ergonomic}
     bool UseG1GC                                  = true                                      {product} {ergonomic}
     bool UseLargePagesIndividualAllocation        = false                                  {pd product} {ergonomic}

Logging:
Log output configuration:
 #0: stdout all=warning uptime,level,tags
 #1: stderr all=off uptime,level,tags

Environment Variables:
PATH=C:/Users/anayd/.p2/pool/plugins/org.eclipse.justj.openjdk.hotspot.jre.full.win32.x86_64_17.0.6.v20230204-1729/jre/bin/server;C:/Users/anayd/.p2/pool/plugins/org.eclipse.justj.openjdk.hotspot.jre.full.win32.x86_64_17.0.6.v20230204-1729/jre/bin;C:\WINDOWS\system32;C:\WINDOWS;C:\WINDOWS\System32\Wbem;C:\WINDOWS\System32\WindowsPowerShell\v1.0\;C:\WINDOWS\System32\OpenSSH\;C:\Users\anayd\AppData\Local\Microsoft\WindowsApps;C:\Users\anayd\Desktop;
USERNAME=anayd
OS=Windows_NT
PROCESSOR_IDENTIFIER=AMD64 Family 23 Model 24 Stepping 1, AuthenticAMD
TMP=C:\Users\anayd\AppData\Local\Temp
TEMP=C:\Users\anayd\AppData\Local\Temp



---------------  S Y S T E M  ---------------

OS:
 Windows 11 , 64 bit Build 22621 (10.0.22621.1485)
OS uptime: 2 days 4:04 hours
Hyper-V role detected

CPU: total 8 (initial active 8) (8 cores per cpu, 2 threads per core) family 23 model 24 stepping 1 microcode 0x0, cx8, cmov, fxsr, ht, mmx, 3dnowpref, sse, sse2, sse3, ssse3, sse4a, sse4.1, sse4.2, popcnt, lzcnt, tsc, tscinvbit, avx, avx2, aes, clmul, bmi1, bmi2, adx, sha, fma, vzeroupper, clflush, clflushopt, hv

Memory: 4k page, system-wide physical 7103M (584M free)
TotalPageFile size 17343M (AvailPageFile size 5M)
current process WorkingSet (physical memory assigned to process): 355M, peak: 364M
current process commit charge ("private bytes"): 440M, peak: 450M

vm_info: OpenJDK 64-Bit Server VM (17.0.6+10) for windows-amd64 JRE (17.0.6+10), built on Jan 18 2023 10:08:59 by "temurin" with MS VC++ 16.7 (VS2019)

END.
