#
# There is insufficient memory for the Java Runtime Environment to continue.
# Native memory allocation (malloc) failed to allocate 6102112 bytes for Chunk::new
# Possible reasons:
#   The system is out of physical RAM or swap space
#   The process is running with CompressedOops enabled, and the Java Heap may be blocking the growth of the native heap
# Possible solutions:
#   Reduce memory load on the system
#   Increase physical memory or swap space
#   Check if swap backing store is full
#   Decrease Java heap size (-Xmx/-Xms)
#   Decrease number of Java threads
#   Decrease Java thread stack sizes (-Xss)
#   Set larger code cache with -XX:ReservedCodeCacheSize=
#   JVM is running with Unscaled Compressed Oops mode in which the Java heap is
#     placed in the first 4GB address space. The Java Heap base address is the
#     maximum limit for the native heap growth. Please use -XX:HeapBaseMinAddress
#     to set the Java Heap base and to place the Java Heap above 4GB virtual address.
# This output file may be truncated or incomplete.
#
#  Out of Memory Error (arena.cpp:189), pid=20336, tid=1108
#
# JRE version: OpenJDK Runtime Environment Temurin-17.0.6+10 (17.0.6+10) (build 17.0.6+10)
# Java VM: OpenJDK 64-Bit Server VM Temurin-17.0.6+10 (17.0.6+10, mixed mode, tiered, compressed oops, compressed class ptrs, g1 gc, windows-amd64)
# No core dump will be written. Minidumps are not enabled by default on client versions of Windows
#

---------------  S U M M A R Y ------------

Command Line: -Dfile.encoding=UTF-8 -XX:+ShowCodeDetailsInExceptionMessages com.project.gaming.canvas.GameFrame

Host: AMD Ryzen 5 3500U with Radeon Vega Mobile Gfx  , 8 cores, 6G,  Windows 11 , 64 bit Build 22621 (10.0.22621.1485)
Time: Mon Apr 10 23:37:05 2023 India Standard Time elapsed time: 2.059789 seconds (0d 0h 0m 2s)

---------------  T H R E A D  ---------------

Current thread (0x000001ea5e3d8dc0):  JavaThread "C2 CompilerThread1" daemon [_thread_in_native, id=1108, stack(0x0000008a79100000,0x0000008a79200000)]


Current CompileTask:
C2:   2059  610  s    4       java.io.BufferedInputStream::read (113 bytes)

Stack: [0x0000008a79100000,0x0000008a79200000]
Native frames: (J=compiled Java code, j=interpreted, Vv=VM code, C=native code)
V  [jvm.dll+0x67741a]
V  [jvm.dll+0x834434]
V  [jvm.dll+0x835bde]
V  [jvm.dll+0x836243]
V  [jvm.dll+0x2457b5]
V  [jvm.dll+0xabafc]
V  [jvm.dll+0xac0cc]
V  [jvm.dll+0x3634e7]
V  [jvm.dll+0x1bbd68]
V  [jvm.dll+0x218749]
V  [jvm.dll+0x217a11]
V  [jvm.dll+0x1a3d0d]
V  [jvm.dll+0x22742a]
V  [jvm.dll+0x225565]
V  [jvm.dll+0x7ea2cb]
V  [jvm.dll+0x7e483a]
V  [jvm.dll+0x6762c5]
C  [ucrtbase.dll+0x29363]
C  [KERNEL32.DLL+0x1269d]
C  [ntdll.dll+0x5a9f8]


---------------  P R O C E S S  ---------------

Threads class SMR info:
_java_thread_list=0x000001ea5df99c00, length=16, elements={
0x000001ea43744000, 0x000001ea5cd96020, 0x000001ea5cd98be0, 0x000001ea5cda3290,
0x000001ea5d81d020, 0x000001ea5d81d4f0, 0x000001ea5d81ddb0, 0x000001ea5d829eb0,
0x000001ea5d82adc0, 0x000001ea5d82bad0, 0x000001ea5d97f520, 0x000001ea5d97ffb0,
0x000001ea5dc85010, 0x000001ea5dc859b0, 0x000001ea5e3d8dc0, 0x000001ea5e3fe5c0
}

Java Threads: ( => current thread )
  0x000001ea43744000 JavaThread "main" [_thread_in_Java, id=23972, stack(0x0000008a76d00000,0x0000008a76e00000)]
  0x000001ea5cd96020 JavaThread "Reference Handler" daemon [_thread_blocked, id=10808, stack(0x0000008a77400000,0x0000008a77500000)]
  0x000001ea5cd98be0 JavaThread "Finalizer" daemon [_thread_blocked, id=23740, stack(0x0000008a77500000,0x0000008a77600000)]
  0x000001ea5cda3290 JavaThread "Signal Dispatcher" daemon [_thread_blocked, id=19560, stack(0x0000008a77600000,0x0000008a77700000)]
  0x000001ea5d81d020 JavaThread "Attach Listener" daemon [_thread_blocked, id=19108, stack(0x0000008a77700000,0x0000008a77800000)]
  0x000001ea5d81d4f0 JavaThread "Service Thread" daemon [_thread_blocked, id=24092, stack(0x0000008a77800000,0x0000008a77900000)]
  0x000001ea5d81ddb0 JavaThread "Monitor Deflation Thread" daemon [_thread_blocked, id=22752, stack(0x0000008a77900000,0x0000008a77a00000)]
  0x000001ea5d829eb0 JavaThread "C2 CompilerThread0" daemon [_thread_in_native, id=21100, stack(0x0000008a77a00000,0x0000008a77b00000)]
  0x000001ea5d82adc0 JavaThread "C1 CompilerThread0" daemon [_thread_blocked, id=21780, stack(0x0000008a77b00000,0x0000008a77c00000)]
  0x000001ea5d82bad0 JavaThread "Sweeper thread" daemon [_thread_blocked, id=21460, stack(0x0000008a77c00000,0x0000008a77d00000)]
  0x000001ea5d97f520 JavaThread "Notification Thread" daemon [_thread_blocked, id=23208, stack(0x0000008a77d00000,0x0000008a77e00000)]
  0x000001ea5d97ffb0 JavaThread "Common-Cleaner" daemon [_thread_blocked, id=17620, stack(0x0000008a77f00000,0x0000008a78000000)]
  0x000001ea5dc85010 JavaThread "Java2D Disposer" daemon [_thread_blocked, id=21496, stack(0x0000008a78000000,0x0000008a78100000)]
  0x000001ea5dc859b0 JavaThread "AWT-Windows" daemon [_thread_in_native, id=23852, stack(0x0000008a78200000,0x0000008a78300000)]
=>0x000001ea5e3d8dc0 JavaThread "C2 CompilerThread1" daemon [_thread_in_native, id=1108, stack(0x0000008a79100000,0x0000008a79200000)]
  0x000001ea5e3fe5c0 JavaThread "C2 CompilerThread2" daemon [_thread_in_native, id=22628, stack(0x0000008a79200000,0x0000008a79300000)]

Other Threads:
  0x000001ea5cd74470 VMThread "VM Thread" [stack: 0x0000008a77300000,0x0000008a77400000] [id=21068]
  0x000001ea5d8c4e00 WatcherThread [stack: 0x0000008a77e00000,0x0000008a77f00000] [id=24392]
  0x000001ea4379b9a0 GCTaskThread "GC Thread#0" [stack: 0x0000008a76e00000,0x0000008a76f00000] [id=7612]
  0x000001ea6441f270 GCTaskThread "GC Thread#1" [stack: 0x0000008a78b00000,0x0000008a78c00000] [id=15388]
  0x000001ea6441fd30 GCTaskThread "GC Thread#2" [stack: 0x0000008a78c00000,0x0000008a78d00000] [id=9000]
  0x000001ea6441ffe0 GCTaskThread "GC Thread#3" [stack: 0x0000008a78d00000,0x0000008a78e00000] [id=17988]
  0x000001ea5e3d93a0 GCTaskThread "GC Thread#4" [stack: 0x0000008a78e00000,0x0000008a78f00000] [id=21032]
  0x000001ea5e3d9650 GCTaskThread "GC Thread#5" [stack: 0x0000008a78f00000,0x0000008a79000000] [id=4744]
  0x000001ea5e3fe310 GCTaskThread "GC Thread#6" [stack: 0x0000008a79000000,0x0000008a79100000] [id=18416]
  0x000001ea437ac800 ConcurrentGCThread "G1 Main Marker" [stack: 0x0000008a76f00000,0x0000008a77000000] [id=1760]
  0x000001ea437ae0c0 ConcurrentGCThread "G1 Conc#0" [stack: 0x0000008a77000000,0x0000008a77100000] [id=23388]
  0x000001ea5e368610 ConcurrentGCThread "G1 Conc#1" [stack: 0x0000008a78100000,0x0000008a78200000] [id=23308]
  0x000001ea5cbd00a0 ConcurrentGCThread "G1 Refine#0" [stack: 0x0000008a77100000,0x0000008a77200000] [id=8196]
  0x000001ea5cbd0770 ConcurrentGCThread "G1 Service" [stack: 0x0000008a77200000,0x0000008a77300000] [id=23096]

Threads with active compile tasks:
C2 CompilerThread0     2087  637       4       java.io.SequenceInputStream::read (84 bytes)
C2 CompilerThread1     2087  610  s    4       java.io.BufferedInputStream::read (113 bytes)
C2 CompilerThread2     2087  625       4       javax.imageio.stream.FileCacheImageInputStream::readUntil (122 bytes)

VM state: not at safepoint (normal execution)

VM Mutex/Monitor currently owned by a thread: None

Heap address: 0x0000000091000000, size: 1776 MB, Compressed Oops mode: 32-bit

CDS archive(s) not mapped
Compressed class space mapped at: 0x0000000100000000-0x0000000140000000, reserved size: 1073741824
Narrow klass base: 0x0000000000000000, Narrow klass shift: 3, Narrow klass range: 0x140000000

GC Precious Log:
 CPUs: 8 total, 8 available
 Memory: 7103M
 Large Page Support: Disabled
 NUMA Support: Disabled
 Compressed Oops: Enabled (32-bit)
 Heap Region Size: 1M
 Heap Min Capacity: 8M
 Heap Initial Capacity: 112M
 Heap Max Capacity: 1776M
 Pre-touch: Disabled
 Parallel Workers: 8
 Concurrent Workers: 2
 Concurrent Refinement Workers: 8
 Periodic GC: Disabled

Heap:
 garbage-first heap   total 124928K, used 81525K [0x0000000091000000, 0x0000000100000000)
  region size 1024K, 10 young (10240K), 2 survivors (2048K)
 Metaspace       used 11822K, committed 12096K, reserved 1064960K
  class space    used 1129K, committed 1280K, reserved 1048576K

Heap Regions: E=young(eden), S=young(survivor), O=old, HS=humongous(starts), HC=humongous(continues), CS=collection set, F=free, OA=open archive, CA=closed archive, TAMS=top-at-mark-start (previous, next)
|   0|0x0000000091000000, 0x0000000091100000, 0x0000000091100000|100%|HS|  |TAMS 0x0000000091100000, 0x0000000091000000| Complete 
|   1|0x0000000091100000, 0x0000000091200000, 0x0000000091200000|100%|HC|  |TAMS 0x0000000091200000, 0x0000000091100000| Complete 
|   2|0x0000000091200000, 0x0000000091300000, 0x0000000091300000|100%|HC|  |TAMS 0x0000000091300000, 0x0000000091200000| Complete 
|   3|0x0000000091300000, 0x0000000091400000, 0x0000000091400000|100%|HC|  |TAMS 0x0000000091400000, 0x0000000091300000| Complete 
|   4|0x0000000091400000, 0x0000000091500000, 0x0000000091500000|100%|HC|  |TAMS 0x0000000091500000, 0x0000000091400000| Complete 
|   5|0x0000000091500000, 0x0000000091600000, 0x0000000091600000|100%|HC|  |TAMS 0x0000000091600000, 0x0000000091500000| Complete 
|   6|0x0000000091600000, 0x0000000091700000, 0x0000000091700000|100%|HC|  |TAMS 0x0000000091700000, 0x0000000091600000| Complete 
|   7|0x0000000091700000, 0x0000000091800000, 0x0000000091800000|100%|HC|  |TAMS 0x0000000091800000, 0x0000000091700000| Complete 
|   8|0x0000000091800000, 0x0000000091900000, 0x0000000091900000|100%|HC|  |TAMS 0x0000000091900000, 0x0000000091800000| Complete 
|   9|0x0000000091900000, 0x0000000091a00000, 0x0000000091a00000|100%|HC|  |TAMS 0x0000000091a00000, 0x0000000091900000| Complete 
|  10|0x0000000091a00000, 0x0000000091b00000, 0x0000000091b00000|100%|HC|  |TAMS 0x0000000091b00000, 0x0000000091a00000| Complete 
|  11|0x0000000091b00000, 0x0000000091c00000, 0x0000000091c00000|100%|HC|  |TAMS 0x0000000091c00000, 0x0000000091b00000| Complete 
|  12|0x0000000091c00000, 0x0000000091d00000, 0x0000000091d00000|100%|HC|  |TAMS 0x0000000091d00000, 0x0000000091c00000| Complete 
|  13|0x0000000091d00000, 0x0000000091e00000, 0x0000000091e00000|100%|HC|  |TAMS 0x0000000091e00000, 0x0000000091d00000| Complete 
|  14|0x0000000091e00000, 0x0000000091f00000, 0x0000000091f00000|100%|HC|  |TAMS 0x0000000091f00000, 0x0000000091e00000| Complete 
|  15|0x0000000091f00000, 0x0000000092000000, 0x0000000092000000|100%|HC|  |TAMS 0x0000000092000000, 0x0000000091f00000| Complete 
|  16|0x0000000092000000, 0x0000000092100000, 0x0000000092100000|100%|HC|  |TAMS 0x0000000092100000, 0x0000000092000000| Complete 
|  17|0x0000000092100000, 0x0000000092200000, 0x0000000092200000|100%|HC|  |TAMS 0x0000000092200000, 0x0000000092100000| Complete 
|  18|0x0000000092200000, 0x0000000092300000, 0x0000000092300000|100%|HC|  |TAMS 0x0000000092300000, 0x0000000092200000| Complete 
|  19|0x0000000092300000, 0x0000000092400000, 0x0000000092400000|100%|HC|  |TAMS 0x0000000092400000, 0x0000000092300000| Complete 
|  20|0x0000000092400000, 0x0000000092500000, 0x0000000092500000|100%|HC|  |TAMS 0x0000000092500000, 0x0000000092400000| Complete 
|  21|0x0000000092500000, 0x0000000092600000, 0x0000000092600000|100%|HC|  |TAMS 0x0000000092600000, 0x0000000092500000| Complete 
|  22|0x0000000092600000, 0x0000000092700000, 0x0000000092700000|100%|HC|  |TAMS 0x0000000092700000, 0x0000000092600000| Complete 
|  23|0x0000000092700000, 0x0000000092800000, 0x0000000092800000|100%|HC|  |TAMS 0x0000000092800000, 0x0000000092700000| Complete 
|  24|0x0000000092800000, 0x0000000092900000, 0x0000000092900000|100%|HC|  |TAMS 0x0000000092900000, 0x0000000092800000| Complete 
|  25|0x0000000092900000, 0x0000000092a00000, 0x0000000092a00000|100%|HC|  |TAMS 0x0000000092a00000, 0x0000000092900000| Complete 
|  26|0x0000000092a00000, 0x0000000092b00000, 0x0000000092b00000|100%|HC|  |TAMS 0x0000000092b00000, 0x0000000092a00000| Complete 
|  27|0x0000000092b00000, 0x0000000092c00000, 0x0000000092c00000|100%|HC|  |TAMS 0x0000000092c00000, 0x0000000092b00000| Complete 
|  28|0x0000000092c00000, 0x0000000092d00000, 0x0000000092d00000|100%|HC|  |TAMS 0x0000000092d00000, 0x0000000092c00000| Complete 
|  29|0x0000000092d00000, 0x0000000092e00000, 0x0000000092e00000|100%|HS|  |TAMS 0x0000000092e00000, 0x0000000092d00000| Complete 
|  30|0x0000000092e00000, 0x0000000092f00000, 0x0000000092f00000|100%|HC|  |TAMS 0x0000000092f00000, 0x0000000092e00000| Complete 
|  31|0x0000000092f00000, 0x0000000093000000, 0x0000000093000000|100%|HC|  |TAMS 0x0000000093000000, 0x0000000092f00000| Complete 
|  32|0x0000000093000000, 0x0000000093100000, 0x0000000093100000|100%|HC|  |TAMS 0x0000000093100000, 0x0000000093000000| Complete 
|  33|0x0000000093100000, 0x0000000093200000, 0x0000000093200000|100%|HC|  |TAMS 0x0000000093200000, 0x0000000093100000| Complete 
|  34|0x0000000093200000, 0x0000000093300000, 0x0000000093300000|100%|HC|  |TAMS 0x0000000093300000, 0x0000000093200000| Complete 
|  35|0x0000000093300000, 0x0000000093400000, 0x0000000093400000|100%|HC|  |TAMS 0x0000000093400000, 0x0000000093300000| Complete 
|  36|0x0000000093400000, 0x0000000093500000, 0x0000000093500000|100%|HC|  |TAMS 0x0000000093500000, 0x0000000093400000| Complete 
|  37|0x0000000093500000, 0x0000000093600000, 0x0000000093600000|100%|HC|  |TAMS 0x0000000093600000, 0x0000000093500000| Complete 
|  38|0x0000000093600000, 0x0000000093700000, 0x0000000093700000|100%|HC|  |TAMS 0x0000000093700000, 0x0000000093600000| Complete 
|  39|0x0000000093700000, 0x0000000093800000, 0x0000000093800000|100%|HC|  |TAMS 0x0000000093800000, 0x0000000093700000| Complete 
|  40|0x0000000093800000, 0x0000000093900000, 0x0000000093900000|100%|HC|  |TAMS 0x0000000093900000, 0x0000000093800000| Complete 
|  41|0x0000000093900000, 0x0000000093a00000, 0x0000000093a00000|100%|HC|  |TAMS 0x0000000093a00000, 0x0000000093900000| Complete 
|  42|0x0000000093a00000, 0x0000000093b00000, 0x0000000093b00000|100%|HC|  |TAMS 0x0000000093b00000, 0x0000000093a00000| Complete 
|  43|0x0000000093b00000, 0x0000000093c00000, 0x0000000093c00000|100%|HC|  |TAMS 0x0000000093c00000, 0x0000000093b00000| Complete 
|  44|0x0000000093c00000, 0x0000000093d00000, 0x0000000093d00000|100%|HC|  |TAMS 0x0000000093d00000, 0x0000000093c00000| Complete 
|  45|0x0000000093d00000, 0x0000000093e00000, 0x0000000093e00000|100%|HC|  |TAMS 0x0000000093e00000, 0x0000000093d00000| Complete 
|  46|0x0000000093e00000, 0x0000000093f00000, 0x0000000093f00000|100%|HC|  |TAMS 0x0000000093f00000, 0x0000000093e00000| Complete 
|  47|0x0000000093f00000, 0x0000000094000000, 0x0000000094000000|100%|HC|  |TAMS 0x0000000094000000, 0x0000000093f00000| Complete 
|  48|0x0000000094000000, 0x0000000094100000, 0x0000000094100000|100%|HC|  |TAMS 0x0000000094100000, 0x0000000094000000| Complete 
|  49|0x0000000094100000, 0x0000000094200000, 0x0000000094200000|100%|HC|  |TAMS 0x0000000094200000, 0x0000000094100000| Complete 
|  50|0x0000000094200000, 0x0000000094300000, 0x0000000094300000|100%|HC|  |TAMS 0x0000000094300000, 0x0000000094200000| Complete 
|  51|0x0000000094300000, 0x0000000094400000, 0x0000000094400000|100%|HC|  |TAMS 0x0000000094400000, 0x0000000094300000| Complete 
|  52|0x0000000094400000, 0x0000000094500000, 0x0000000094500000|100%|HC|  |TAMS 0x0000000094500000, 0x0000000094400000| Complete 
|  53|0x0000000094500000, 0x0000000094600000, 0x0000000094600000|100%|HC|  |TAMS 0x0000000094600000, 0x0000000094500000| Complete 
|  54|0x0000000094600000, 0x0000000094700000, 0x0000000094700000|100%|HC|  |TAMS 0x0000000094700000, 0x0000000094600000| Complete 
|  55|0x0000000094700000, 0x0000000094800000, 0x0000000094800000|100%|HC|  |TAMS 0x0000000094800000, 0x0000000094700000| Complete 
|  56|0x0000000094800000, 0x0000000094900000, 0x0000000094900000|100%|HC|  |TAMS 0x0000000094900000, 0x0000000094800000| Complete 
|  57|0x0000000094900000, 0x0000000094a00000, 0x0000000094a00000|100%|HC|  |TAMS 0x0000000094a00000, 0x0000000094900000| Complete 
|  58|0x0000000094a00000, 0x0000000094b00000, 0x0000000094b00000|100%|HC|  |TAMS 0x0000000094b00000, 0x0000000094a00000| Complete 
|  59|0x0000000094b00000, 0x0000000094c00000, 0x0000000094c00000|100%|HC|  |TAMS 0x0000000094c00000, 0x0000000094b00000| Complete 
|  60|0x0000000094c00000, 0x0000000094d00000, 0x0000000094d00000|100%|HC|  |TAMS 0x0000000094d00000, 0x0000000094c00000| Complete 
|  61|0x0000000094d00000, 0x0000000094e00000, 0x0000000094e00000|100%|HC|  |TAMS 0x0000000094e00000, 0x0000000094d00000| Complete 
|  62|0x0000000094e00000, 0x0000000094f00000, 0x0000000094f00000|100%|HC|  |TAMS 0x0000000094f00000, 0x0000000094e00000| Complete 
|  63|0x0000000094f00000, 0x0000000095000000, 0x0000000095000000|100%|HS|  |TAMS 0x0000000094f00000, 0x0000000094f00000| Complete 
|  64|0x0000000095000000, 0x0000000095100000, 0x0000000095100000|100%|HC|  |TAMS 0x0000000095000000, 0x0000000095000000| Complete 
|  65|0x0000000095100000, 0x0000000095200000, 0x0000000095200000|100%|HC|  |TAMS 0x0000000095100000, 0x0000000095100000| Complete 
|  66|0x0000000095200000, 0x0000000095300000, 0x0000000095300000|100%|HC|  |TAMS 0x0000000095200000, 0x0000000095200000| Complete 
|  67|0x0000000095300000, 0x0000000095400000, 0x0000000095400000|100%|HC|  |TAMS 0x0000000095300000, 0x0000000095300000| Complete 
|  68|0x0000000095400000, 0x0000000095500000, 0x0000000095500000|100%|HC|  |TAMS 0x0000000095400000, 0x0000000095400000| Complete 
|  69|0x0000000095500000, 0x0000000095600000, 0x0000000095600000|100%|HC|  |TAMS 0x0000000095500000, 0x0000000095500000| Complete 
|  70|0x0000000095600000, 0x0000000095700000, 0x0000000095700000|100%|HC|  |TAMS 0x0000000095600000, 0x0000000095600000| Complete 
|  71|0x0000000095700000, 0x0000000095700000, 0x0000000095800000|  0%| F|  |TAMS 0x0000000095700000, 0x0000000095700000| Untracked 
|  72|0x0000000095800000, 0x0000000095800000, 0x0000000095900000|  0%| F|  |TAMS 0x0000000095800000, 0x0000000095800000| Untracked 
|  73|0x0000000095900000, 0x0000000095900000, 0x0000000095a00000|  0%| F|  |TAMS 0x0000000095900000, 0x0000000095900000| Untracked 
|  74|0x0000000095a00000, 0x0000000095a00000, 0x0000000095b00000|  0%| F|  |TAMS 0x0000000095a00000, 0x0000000095a00000| Untracked 
|  75|0x0000000095b00000, 0x0000000095b00000, 0x0000000095c00000|  0%| F|  |TAMS 0x0000000095b00000, 0x0000000095b00000| Untracked 
|  76|0x0000000095c00000, 0x0000000095c00000, 0x0000000095d00000|  0%| F|  |TAMS 0x0000000095c00000, 0x0000000095c00000| Untracked 
|  77|0x0000000095d00000, 0x0000000095d00000, 0x0000000095e00000|  0%| F|  |TAMS 0x0000000095d00000, 0x0000000095d00000| Untracked 
|  78|0x0000000095e00000, 0x0000000095e00000, 0x0000000095f00000|  0%| F|  |TAMS 0x0000000095e00000, 0x0000000095e00000| Untracked 
|  79|0x0000000095f00000, 0x0000000095f00000, 0x0000000096000000|  0%| F|  |TAMS 0x0000000095f00000, 0x0000000095f00000| Untracked 
|  80|0x0000000096000000, 0x0000000096000000, 0x0000000096100000|  0%| F|  |TAMS 0x0000000096000000, 0x0000000096000000| Untracked 
|  81|0x0000000096100000, 0x0000000096100000, 0x0000000096200000|  0%| F|  |TAMS 0x0000000096100000, 0x0000000096100000| Untracked 
|  82|0x0000000096200000, 0x0000000096200000, 0x0000000096300000|  0%| F|  |TAMS 0x0000000096200000, 0x0000000096200000| Untracked 
|  83|0x0000000096300000, 0x0000000096300000, 0x0000000096400000|  0%| F|  |TAMS 0x0000000096300000, 0x0000000096300000| Untracked 
|  84|0x0000000096400000, 0x0000000096400000, 0x0000000096500000|  0%| F|  |TAMS 0x0000000096400000, 0x0000000096400000| Untracked 
|  85|0x0000000096500000, 0x0000000096500000, 0x0000000096600000|  0%| F|  |TAMS 0x0000000096500000, 0x0000000096500000| Untracked 
|  86|0x0000000096600000, 0x0000000096600000, 0x0000000096700000|  0%| F|  |TAMS 0x0000000096600000, 0x0000000096600000| Untracked 
|  87|0x0000000096700000, 0x0000000096700000, 0x0000000096800000|  0%| F|  |TAMS 0x0000000096700000, 0x0000000096700000| Untracked 
|  88|0x0000000096800000, 0x0000000096800000, 0x0000000096900000|  0%| F|  |TAMS 0x0000000096800000, 0x0000000096800000| Untracked 
|  89|0x0000000096900000, 0x0000000096900000, 0x0000000096a00000|  0%| F|  |TAMS 0x0000000096900000, 0x0000000096900000| Untracked 
|  90|0x0000000096a00000, 0x0000000096a00000, 0x0000000096b00000|  0%| F|  |TAMS 0x0000000096a00000, 0x0000000096a00000| Untracked 
|  91|0x0000000096b00000, 0x0000000096b00000, 0x0000000096c00000|  0%| F|  |TAMS 0x0000000096b00000, 0x0000000096b00000| Untracked 
|  92|0x0000000096c00000, 0x0000000096c00000, 0x0000000096d00000|  0%| F|  |TAMS 0x0000000096c00000, 0x0000000096c00000| Untracked 
|  93|0x0000000096d00000, 0x0000000096d00000, 0x0000000096e00000|  0%| F|  |TAMS 0x0000000096d00000, 0x0000000096d00000| Untracked 
|  94|0x0000000096e00000, 0x0000000096e00000, 0x0000000096f00000|  0%| F|  |TAMS 0x0000000096e00000, 0x0000000096e00000| Untracked 
|  95|0x0000000096f00000, 0x0000000096f00000, 0x0000000097000000|  0%| F|  |TAMS 0x0000000096f00000, 0x0000000096f00000| Untracked 
|  96|0x0000000097000000, 0x0000000097000000, 0x0000000097100000|  0%| F|  |TAMS 0x0000000097000000, 0x0000000097000000| Untracked 
|  97|0x0000000097100000, 0x0000000097100000, 0x0000000097200000|  0%| F|  |TAMS 0x0000000097100000, 0x0000000097100000| Untracked 
|  98|0x0000000097200000, 0x0000000097200000, 0x0000000097300000|  0%| F|  |TAMS 0x0000000097200000, 0x0000000097200000| Untracked 
|  99|0x0000000097300000, 0x0000000097300000, 0x0000000097400000|  0%| F|  |TAMS 0x0000000097300000, 0x0000000097300000| Untracked 
| 100|0x0000000097400000, 0x0000000097400000, 0x0000000097500000|  0%| F|  |TAMS 0x0000000097400000, 0x0000000097400000| Untracked 
| 101|0x0000000097500000, 0x0000000097500000, 0x0000000097600000|  0%| F|  |TAMS 0x0000000097500000, 0x0000000097500000| Untracked 
| 102|0x0000000097600000, 0x0000000097600000, 0x0000000097700000|  0%| F|  |TAMS 0x0000000097600000, 0x0000000097600000| Untracked 
| 103|0x0000000097700000, 0x0000000097700000, 0x0000000097800000|  0%| F|  |TAMS 0x0000000097700000, 0x0000000097700000| Untracked 
| 104|0x0000000097800000, 0x000000009789d480, 0x0000000097900000| 61%| S|CS|TAMS 0x0000000097800000, 0x0000000097800000| Complete 
| 105|0x0000000097900000, 0x0000000097a00000, 0x0000000097a00000|100%| S|CS|TAMS 0x0000000097900000, 0x0000000097900000| Complete 
| 106|0x0000000097a00000, 0x0000000097a00000, 0x0000000097b00000|  0%| F|  |TAMS 0x0000000097a00000, 0x0000000097a00000| Untracked 
| 107|0x0000000097b00000, 0x0000000097b00000, 0x0000000097c00000|  0%| F|  |TAMS 0x0000000097b00000, 0x0000000097b00000| Untracked 
| 108|0x0000000097c00000, 0x0000000097c00000, 0x0000000097d00000|  0%| F|  |TAMS 0x0000000097c00000, 0x0000000097c00000| Untracked 
| 109|0x0000000097d00000, 0x0000000097d00000, 0x0000000097e00000|  0%| F|  |TAMS 0x0000000097d00000, 0x0000000097d00000| Untracked 
| 110|0x0000000097e00000, 0x0000000097e00000, 0x0000000097f00000|  0%| F|  |TAMS 0x0000000097e00000, 0x0000000097e00000| Untracked 
| 111|0x0000000097f00000, 0x0000000097f00000, 0x0000000098000000|  0%| F|  |TAMS 0x0000000097f00000, 0x0000000097f00000| Untracked 
| 112|0x0000000098000000, 0x0000000098000000, 0x0000000098100000|  0%| F|  |TAMS 0x0000000098000000, 0x0000000098000000| Untracked 
| 113|0x0000000098100000, 0x0000000098100000, 0x0000000098200000|  0%| F|  |TAMS 0x0000000098100000, 0x0000000098100000| Untracked 
| 114|0x0000000098200000, 0x0000000098300000, 0x0000000098300000|100%| E|  |TAMS 0x0000000098200000, 0x0000000098200000| Complete 
| 115|0x0000000098300000, 0x0000000098400000, 0x0000000098400000|100%| E|CS|TAMS 0x0000000098300000, 0x0000000098300000| Complete 
| 116|0x0000000098400000, 0x0000000098500000, 0x0000000098500000|100%| E|CS|TAMS 0x0000000098400000, 0x0000000098400000| Complete 
| 117|0x0000000098500000, 0x0000000098600000, 0x0000000098600000|100%| E|CS|TAMS 0x0000000098500000, 0x0000000098500000| Complete 
| 118|0x0000000098600000, 0x0000000098700000, 0x0000000098700000|100%| E|CS|TAMS 0x0000000098600000, 0x0000000098600000| Complete 
| 119|0x0000000098700000, 0x0000000098800000, 0x0000000098800000|100%| E|CS|TAMS 0x0000000098700000, 0x0000000098700000| Complete 
| 120|0x0000000098800000, 0x0000000098900000, 0x0000000098900000|100%| E|CS|TAMS 0x0000000098800000, 0x0000000098800000| Complete 
| 121|0x0000000098900000, 0x0000000098a00000, 0x0000000098a00000|100%| E|CS|TAMS 0x0000000098900000, 0x0000000098900000| Complete 

Card table byte_map: [0x000001ea564b0000,0x000001ea56830000] _byte_map_base: 0x000001ea56028000

Marking Bits (Prev, Next): (CMBitMap*) 0x000001ea4379d000, (CMBitMap*) 0x000001ea4379cfc0
 Prev Bits: [0x000001ea58770000, 0x000001ea5a330000)
 Next Bits: [0x000001ea56bb0000, 0x000001ea58770000)

Polling page: 0x000001ea42f10000

Metaspace:

Usage:
  Non-class:     10.44 MB used.
      Class:      1.10 MB used.
       Both:     11.55 MB used.

Virtual space:
  Non-class space:       16.00 MB reserved,      10.56 MB ( 66%) committed,  2 nodes.
      Class space:        1.00 GB reserved,       1.25 MB ( <1%) committed,  1 nodes.
             Both:        1.02 GB reserved,      11.81 MB (  1%) committed. 

Chunk freelists:
   Non-Class:  1008.00 KB
       Class:  2.75 MB
        Both:  3.73 MB

MaxMetaspaceSize: unlimited
CompressedClassSpaceSize: 1.00 GB
Initial GC threshold: 21.00 MB
Current GC threshold: 21.00 MB
CDS: off
MetaspaceReclaimPolicy: balanced
 - commit_granule_bytes: 65536.
 - commit_granule_words: 8192.
 - virtual_space_node_default_size: 1048576.
 - enlarge_chunks_in_place: 1.
 - new_chunks_are_fully_committed: 0.
 - uncommit_free_chunks: 1.
 - use_allocation_guard: 0.
 - handle_deallocations: 1.


Internal statistics:

num_allocs_failed_limit: 0.
num_arena_births: 96.
num_arena_deaths: 0.
num_vsnodes_births: 3.
num_vsnodes_deaths: 0.
num_space_committed: 189.
num_space_uncommitted: 0.
num_chunks_returned_to_freelist: 0.
num_chunks_taken_from_freelist: 162.
num_chunk_merges: 0.
num_chunk_splits: 80.
num_chunks_enlarged: 25.
num_purges: 0.
num_inconsistent_stats: 0.

CodeHeap 'non-profiled nmethods': size=120000Kb used=250Kb max_used=250Kb free=119749Kb
 bounds [0x000001ea4e8d0000, 0x000001ea4eb40000, 0x000001ea55e00000]
CodeHeap 'profiled nmethods': size=120000Kb used=1006Kb max_used=1006Kb free=118993Kb
 bounds [0x000001ea46e00000, 0x000001ea47070000, 0x000001ea4e330000]
CodeHeap 'non-nmethods': size=5760Kb used=1213Kb max_used=1260Kb free=4546Kb
 bounds [0x000001ea4e330000, 0x000001ea4e5a0000, 0x000001ea4e8d0000]
 total_blobs=1166 nmethods=644 adapters=435
 compilation: enabled
              stopped_count=0, restarted_count=0
 full_count=0

Compilation events (20 events):
Event: 1.738 Thread 0x000001ea5d82adc0  649       1       java.awt.image.ComponentSampleModel::getPixelStride (5 bytes)
Event: 1.738 Thread 0x000001ea5d82adc0 nmethod 649 0x000001ea4e90e510 code [0x000001ea4e90e6a0, 0x000001ea4e90e778]
Event: 1.738 Thread 0x000001ea5d82adc0  650       1       java.awt.image.DataBuffer::getOffset (5 bytes)
Event: 1.738 Thread 0x000001ea5d82adc0 nmethod 650 0x000001ea4e90e810 code [0x000001ea4e90e9a0, 0x000001ea4e90ea78]
Event: 1.742 Thread 0x000001ea5d82adc0  651 %     3       com.sun.imageio.plugins.png.PNGImageReader::decodeUpFilter @ 3 (53 bytes)
Event: 1.742 Thread 0x000001ea5d82adc0 nmethod 651% 0x000001ea46ef7f10 code [0x000001ea46ef80c0, 0x000001ea46ef8398]
Event: 1.742 Thread 0x000001ea5d82adc0  652       3       com.sun.imageio.plugins.png.PNGImageReader::decodeUpFilter (53 bytes)
Event: 1.742 Thread 0x000001ea5d82adc0 nmethod 652 0x000001ea46ef8510 code [0x000001ea46ef86c0, 0x000001ea46ef88d8]
Event: 1.757 Thread 0x000001ea5d82adc0  654       3       java.lang.Math::abs (11 bytes)
Event: 1.757 Thread 0x000001ea5d82adc0 nmethod 654 0x000001ea46ef8a90 code [0x000001ea46ef8c20, 0x000001ea46ef8d98]
Event: 1.757 Thread 0x000001ea5d82adc0  655       3       com.sun.imageio.plugins.png.PNGImageReader::paethPredictor (57 bytes)
Event: 1.757 Thread 0x000001ea5d82adc0 nmethod 655 0x000001ea46ef8e10 code [0x000001ea46ef8fe0, 0x000001ea46ef93d8]
Event: 1.769 Thread 0x000001ea5d82adc0  657 %     3       com.sun.imageio.plugins.png.PNGImageReader::decodePaethFilter @ 56 (143 bytes)
Event: 1.770 Thread 0x000001ea5d82adc0 nmethod 657% 0x000001ea46ef9510 code [0x000001ea46ef96e0, 0x000001ea46ef9c08]
Event: 1.770 Thread 0x000001ea5d82adc0  658       3       com.sun.imageio.plugins.png.PNGImageReader::decodePaethFilter (143 bytes)
Event: 1.770 Thread 0x000001ea5d82adc0 nmethod 658 0x000001ea46ef9f10 code [0x000001ea46efa0e0, 0x000001ea46efa4e8]
Event: 1.820 Thread 0x000001ea5d82adc0  660 %     3       com.sun.imageio.plugins.png.PNGImageReader::decodeAverageFilter @ 58 (128 bytes)
Event: 1.820 Thread 0x000001ea5d82adc0 nmethod 660% 0x000001ea46efa790 code [0x000001ea46efa960, 0x000001ea46efae38]
Event: 1.832 Thread 0x000001ea5d82adc0  661       3       com.sun.imageio.plugins.png.PNGImageReader::decodeAverageFilter (128 bytes)
Event: 1.833 Thread 0x000001ea5d82adc0 nmethod 661 0x000001ea46efb110 code [0x000001ea46efb2e0, 0x000001ea46efb6b8]

GC Heap History (8 events):
Event: 1.026 GC heap before
{Heap before GC invocations=0 (full 0):
 garbage-first heap   total 114688K, used 53248K [0x0000000091000000, 0x0000000100000000)
  region size 1024K, 23 young (23552K), 0 survivors (0K)
 Metaspace       used 11804K, committed 11968K, reserved 1064960K
  class space    used 1127K, committed 1216K, reserved 1048576K
}
Event: 1.032 GC heap after
{Heap after GC invocations=1 (full 0):
 garbage-first heap   total 114688K, used 31400K [0x0000000091000000, 0x0000000100000000)
  region size 1024K, 2 young (2048K), 2 survivors (2048K)
 Metaspace       used 11804K, committed 11968K, reserved 1064960K
  class space    used 1127K, committed 1216K, reserved 1048576K
}
Event: 1.186 GC heap before
{Heap before GC invocations=1 (full 0):
 garbage-first heap   total 114688K, used 46760K [0x0000000091000000, 0x0000000100000000)
  region size 1024K, 18 young (18432K), 2 survivors (2048K)
 Metaspace       used 11816K, committed 12032K, reserved 1064960K
  class space    used 1128K, committed 1280K, reserved 1048576K
}
Event: 1.189 GC heap after
{Heap after GC invocations=2 (full 0):
 garbage-first heap   total 114688K, used 31418K [0x0000000091000000, 0x0000000100000000)
  region size 1024K, 2 young (2048K), 2 survivors (2048K)
 Metaspace       used 11816K, committed 12032K, reserved 1064960K
  class space    used 1128K, committed 1280K, reserved 1048576K
}
Event: 1.648 GC heap before
{Heap before GC invocations=2 (full 0):
 garbage-first heap   total 114688K, used 101050K [0x0000000091000000, 0x0000000100000000)
  region size 1024K, 37 young (37888K), 2 survivors (2048K)
 Metaspace       used 11821K, committed 12032K, reserved 1064960K
  class space    used 1129K, committed 1280K, reserved 1048576K
}
Event: 1.653 GC heap after
{Heap after GC invocations=3 (full 0):
 garbage-first heap   total 114688K, used 66265K [0x0000000091000000, 0x0000000100000000)
  region size 1024K, 2 young (2048K), 2 survivors (2048K)
 Metaspace       used 11821K, committed 12032K, reserved 1064960K
  class space    used 1129K, committed 1280K, reserved 1048576K
}
Event: 1.726 GC heap before
{Heap before GC invocations=3 (full 0):
 garbage-first heap   total 114688K, used 71385K [0x0000000091000000, 0x0000000100000000)
  region size 1024K, 8 young (8192K), 2 survivors (2048K)
 Metaspace       used 11822K, committed 12096K, reserved 1064960K
  class space    used 1129K, committed 1280K, reserved 1048576K
}
Event: 1.730 GC heap after
{Heap after GC invocations=4 (full 0):
 garbage-first heap   total 114688K, used 66165K [0x0000000091000000, 0x0000000100000000)
  region size 1024K, 2 young (2048K), 2 survivors (2048K)
 Metaspace       used 11822K, committed 12096K, reserved 1064960K
  class space    used 1129K, committed 1280K, reserved 1048576K
}

Dll operation events (6 events):
Event: 0.011 Loaded shared library C:\Users\anayd\.p2\pool\plugins\org.eclipse.justj.openjdk.hotspot.jre.full.win32.x86_64_17.0.6.v20230204-1729\jre\bin\java.dll
Event: 0.186 Loaded shared library C:\Users\anayd\.p2\pool\plugins\org.eclipse.justj.openjdk.hotspot.jre.full.win32.x86_64_17.0.6.v20230204-1729\jre\bin\jimage.dll
Event: 0.241 Loaded shared library C:\Users\anayd\.p2\pool\plugins\org.eclipse.justj.openjdk.hotspot.jre.full.win32.x86_64_17.0.6.v20230204-1729\jre\bin\awt.dll
Event: 0.652 Loaded shared library C:\Users\anayd\.p2\pool\plugins\org.eclipse.justj.openjdk.hotspot.jre.full.win32.x86_64_17.0.6.v20230204-1729\jre\bin\net.dll
Event: 0.688 Loaded shared library C:\Users\anayd\.p2\pool\plugins\org.eclipse.justj.openjdk.hotspot.jre.full.win32.x86_64_17.0.6.v20230204-1729\jre\bin\nio.dll
Event: 0.725 Loaded shared library C:\Users\anayd\.p2\pool\plugins\org.eclipse.justj.openjdk.hotspot.jre.full.win32.x86_64_17.0.6.v20230204-1729\jre\bin\zip.dll

Deoptimization events (20 events):
Event: 0.850 Thread 0x000001ea43744000 DEOPT PACKING pc=0x000001ea46ed5a70 sp=0x0000008a76dfeaf0
Event: 0.850 Thread 0x000001ea43744000 DEOPT UNPACKING pc=0x000001ea4e387143 sp=0x0000008a76dfdff8 mode 0
Event: 0.850 Thread 0x000001ea43744000 DEOPT PACKING pc=0x000001ea46ed5a70 sp=0x0000008a76dfeaf0
Event: 0.850 Thread 0x000001ea43744000 DEOPT UNPACKING pc=0x000001ea4e387143 sp=0x0000008a76dfdff8 mode 0
Event: 0.851 Thread 0x000001ea43744000 DEOPT PACKING pc=0x000001ea46ed5a70 sp=0x0000008a76dfeaf0
Event: 0.851 Thread 0x000001ea43744000 DEOPT UNPACKING pc=0x000001ea4e387143 sp=0x0000008a76dfdff8 mode 0
Event: 0.852 Thread 0x000001ea43744000 DEOPT PACKING pc=0x000001ea46ed5a70 sp=0x0000008a76dfeaf0
Event: 0.852 Thread 0x000001ea43744000 DEOPT UNPACKING pc=0x000001ea4e387143 sp=0x0000008a76dfdff8 mode 0
Event: 0.852 Thread 0x000001ea43744000 DEOPT PACKING pc=0x000001ea46ed5a70 sp=0x0000008a76dfeaf0
Event: 0.852 Thread 0x000001ea43744000 DEOPT UNPACKING pc=0x000001ea4e387143 sp=0x0000008a76dfdff8 mode 0
Event: 0.853 Thread 0x000001ea43744000 DEOPT PACKING pc=0x000001ea46ed5a70 sp=0x0000008a76dfeaf0
Event: 0.853 Thread 0x000001ea43744000 DEOPT UNPACKING pc=0x000001ea4e387143 sp=0x0000008a76dfdff8 mode 0
Event: 0.854 Thread 0x000001ea43744000 DEOPT PACKING pc=0x000001ea46ed5a70 sp=0x0000008a76dfeaf0
Event: 0.854 Thread 0x000001ea43744000 DEOPT UNPACKING pc=0x000001ea4e387143 sp=0x0000008a76dfdff8 mode 0
Event: 0.854 Thread 0x000001ea43744000 DEOPT PACKING pc=0x000001ea46ed5a70 sp=0x0000008a76dfeaf0
Event: 0.854 Thread 0x000001ea43744000 DEOPT UNPACKING pc=0x000001ea4e387143 sp=0x0000008a76dfdff8 mode 0
Event: 1.576 Thread 0x000001ea43744000 Uncommon trap: trap_request=0xffffff45 fr.pc=0x000001ea4e8ff448 relative=0x00000000000049c8
Event: 1.576 Thread 0x000001ea43744000 Uncommon trap: reason=unstable_if action=reinterpret pc=0x000001ea4e8ff448 method=java.io.BufferedInputStream.read1([BII)I @ 22 c2
Event: 1.576 Thread 0x000001ea43744000 DEOPT PACKING pc=0x000001ea4e8ff448 sp=0x0000008a76dfeb10
Event: 1.576 Thread 0x000001ea43744000 DEOPT UNPACKING pc=0x000001ea4e3869a3 sp=0x0000008a76dfebd8 mode 2

Classes unloaded (0 events):
No events

Classes redefined (0 events):
No events

Internal exceptions (12 events):
Event: 0.225 Thread 0x000001ea43744000 Exception <a 'java/lang/ClassNotFoundException'{0x0000000097e44960}: sun/awt/resources/spi/awtProvider> (0x0000000097e44960) 
thrown [s\src\hotspot\share\classfile\systemDictionary.cpp, line 256]
Event: 0.270 Thread 0x000001ea43744000 Exception <a 'java/io/FileNotFoundException'{0x0000000097e9f2c8}> (0x0000000097e9f2c8) 
thrown [s\src\hotspot\share\prims\jni.cpp, line 516]
Event: 0.281 Thread 0x000001ea43744000 Exception <a 'java/io/FileNotFoundException'{0x0000000097ecc240}> (0x0000000097ecc240) 
thrown [s\src\hotspot\share\prims\jni.cpp, line 516]
Event: 0.357 Thread 0x000001ea43744000 Exception <a 'java/lang/NoSuchMethodError'{0x0000000097d1dae0}: 'java.lang.Object java.lang.invoke.DirectMethodHandle$Holder.invokeStaticInit(java.lang.Object)'> (0x0000000097d1dae0) 
thrown [s\src\hotspot\share\interpreter\linkResolver.cpp, line 759]
Event: 0.499 Thread 0x000001ea43744000 Exception <a 'java/lang/NoSuchMethodError'{0x0000000097d68850}: 'void java.lang.invoke.DirectMethodHandle$Holder.invokeSpecial(java.lang.Object, java.lang.Object, java.lang.Object)'> (0x0000000097d68850) 
thrown [s\src\hotspot\share\interpreter\linkResolver.cpp, line 759]
Event: 0.512 Thread 0x000001ea43744000 Exception <a 'java/lang/NoSuchMethodError'{0x0000000097c09008}: 'java.lang.Object java.lang.invoke.DirectMethodHandle$Holder.newInvokeSpecial(java.lang.Object, java.lang.Object, java.lang.Object, java.lang.Object, java.lang.Object)'> (0x0000000097c09008) 
thrown [s\src\hotspot\share\interpreter\linkResolver.cpp, line 759]
Event: 0.514 Thread 0x000001ea43744000 Exception <a 'java/lang/NoSuchMethodError'{0x0000000097c149d0}: 'java.lang.Object java.lang.invoke.DirectMethodHandle$Holder.invokeStatic(java.lang.Object, int, java.lang.Object, java.lang.Object, java.lang.Object, java.lang.Object)'> (0x0000000097c149d0) 
thrown [s\src\hotspot\share\interpreter\linkResolver.cpp, line 759]
Event: 0.521 Thread 0x000001ea43744000 Exception <a 'java/lang/NoSuchMethodError'{0x0000000097c3a190}: 'java.lang.Object java.lang.invoke.DirectMethodHandle$Holder.invokeStatic(java.lang.Object, int, java.lang.Object)'> (0x0000000097c3a190) 
thrown [s\src\hotspot\share\interpreter\linkResolver.cpp, line 759]
Event: 0.566 Thread 0x000001ea43744000 Exception <a 'java/lang/ClassNotFoundException'{0x0000000097cf1d40}: com/sun/swing/internal/plaf/metal/resources/spi/metalProvider> (0x0000000097cf1d40) 
thrown [s\src\hotspot\share\classfile\systemDictionary.cpp, line 256]
Event: 0.568 Thread 0x000001ea43744000 Exception <a 'java/lang/ClassNotFoundException'{0x0000000097cf5bc8}: com/sun/swing/internal/plaf/basic/resources/spi/basicProvider> (0x0000000097cf5bc8) 
thrown [s\src\hotspot\share\classfile\systemDictionary.cpp, line 256]
Event: 0.631 Thread 0x000001ea43744000 Exception <a 'java/lang/NoSuchMethodError'{0x0000000097b6a9c8}: 'java.lang.Object java.lang.invoke.DirectMethodHandle$Holder.invokeStaticInit(java.lang.Object, int, int, int, int)'> (0x0000000097b6a9c8) 
thrown [s\src\hotspot\share\interpreter\linkResolver.cpp, line 759]
Event: 0.698 Thread 0x000001ea43744000 Exception <a 'java/lang/NoSuchMethodError'{0x0000000097bbdde8}: 'java.lang.Object java.lang.invoke.DirectMethodHandle$Holder.invokeStaticInit(java.lang.Object, java.lang.Object, int, int, int, int)'> (0x0000000097bbdde8) 
thrown [s\src\hotspot\share\interpreter\linkResolver.cpp, line 759]

VM Operations (20 events):
Event: 0.585 Executing VM operation: HandshakeAllThreads
Event: 0.585 Executing VM operation: HandshakeAllThreads done
Event: 0.616 Executing VM operation: HandshakeAllThreads
Event: 0.616 Executing VM operation: HandshakeAllThreads done
Event: 0.616 Executing VM operation: HandshakeAllThreads
Event: 0.616 Executing VM operation: HandshakeAllThreads done
Event: 0.657 Executing VM operation: HandshakeAllThreads
Event: 0.657 Executing VM operation: HandshakeAllThreads done
Event: 1.026 Executing VM operation: G1CollectForAllocation
Event: 1.032 Executing VM operation: G1CollectForAllocation done
Event: 1.185 Executing VM operation: G1TryInitiateConcMark
Event: 1.189 Executing VM operation: G1TryInitiateConcMark done
Event: 1.648 Executing VM operation: G1CollectForAllocation
Event: 1.653 Executing VM operation: G1CollectForAllocation done
Event: 1.725 Executing VM operation: G1TryInitiateConcMark
Event: 1.730 Executing VM operation: G1TryInitiateConcMark done
Event: 1.732 Executing VM operation: G1Concurrent
Event: 1.737 Executing VM operation: G1Concurrent done
Event: 1.737 Executing VM operation: G1Concurrent
Event: 1.737 Executing VM operation: G1Concurrent done

Events (20 events):
Event: 0.743 loading class sun/awt/image/NativeLibLoader done
Event: 0.743 loading class sun/awt/image/NativeLibLoader$1
Event: 0.743 loading class sun/awt/image/NativeLibLoader$1 done
Event: 0.745 loading class java/awt/image/BufferedImage$1
Event: 0.745 loading class java/awt/image/BufferedImage$1 done
Event: 0.745 loading class sun/awt/image/IntegerComponentRaster
Event: 0.745 loading class sun/awt/image/IntegerComponentRaster done
Event: 0.745 loading class sun/awt/image/ShortComponentRaster
Event: 0.745 loading class sun/awt/image/ShortComponentRaster done
Event: 0.745 loading class com/sun/imageio/plugins/common/ReaderUtil
Event: 0.746 loading class com/sun/imageio/plugins/common/ReaderUtil done
Event: 1.175 loading class java/io/RandomAccessFile$1
Event: 1.175 loading class java/io/RandomAccessFile$1 done
Event: 1.185 Thread 0x000001ea5e3d8dc0 Thread added: 0x000001ea5e3d8dc0
Event: 1.185 Thread 0x000001ea5e3fe5c0 Thread added: 0x000001ea5e3fe5c0
Event: 1.469 loading class sun/awt/AppContext$PostShutdownEventRunnable
Event: 1.469 loading class sun/awt/AppContext$PostShutdownEventRunnable done
Event: 1.469 loading class sun/awt/AWTAutoShutdown$1
Event: 1.469 loading class sun/awt/AWTAutoShutdown$1 done
Event: 1.469 Thread 0x000001ea5dc854e0 Thread exited: 0x000001ea5dc854e0


Dynamic libraries:
0x00007ff61abe0000 - 0x00007ff61abee000 	C:\Users\anayd\.p2\pool\plugins\org.eclipse.justj.openjdk.hotspot.jre.full.win32.x86_64_17.0.6.v20230204-1729\jre\bin\javaw.exe
0x00007ffb0d2d0000 - 0x00007ffb0d4e4000 	C:\WINDOWS\SYSTEM32\ntdll.dll
0x00007ffb0c080000 - 0x00007ffb0c142000 	C:\WINDOWS\System32\KERNEL32.DLL
0x00007ffb0aa70000 - 0x00007ffb0ae0c000 	C:\WINDOWS\System32\KERNELBASE.dll
0x00007ffb0af40000 - 0x00007ffb0b051000 	C:\WINDOWS\System32\ucrtbase.dll
0x00007ffb05d40000 - 0x00007ffb05d57000 	C:\Users\anayd\.p2\pool\plugins\org.eclipse.justj.openjdk.hotspot.jre.full.win32.x86_64_17.0.6.v20230204-1729\jre\bin\jli.dll
0x00007ffb05d60000 - 0x00007ffb05d79000 	C:\Users\anayd\.p2\pool\plugins\org.eclipse.justj.openjdk.hotspot.jre.full.win32.x86_64_17.0.6.v20230204-1729\jre\bin\VCRUNTIME140.dll
0x00007ffb0bed0000 - 0x00007ffb0c07b000 	C:\WINDOWS\System32\USER32.dll
0x00007ffafcd40000 - 0x00007ffafcfce000 	C:\WINDOWS\WinSxS\amd64_microsoft.windows.common-controls_6595b64144ccf1df_6.0.22621.608_none_a9444ca7c10bb01d\COMCTL32.dll
0x00007ffb0a880000 - 0x00007ffb0a8a6000 	C:\WINDOWS\System32\win32u.dll
0x00007ffb0c150000 - 0x00007ffb0c1f7000 	C:\WINDOWS\System32\msvcrt.dll
0x00007ffb0ce20000 - 0x00007ffb0ce49000 	C:\WINDOWS\System32\GDI32.dll
0x00007ffb0a950000 - 0x00007ffb0aa63000 	C:\WINDOWS\System32\gdi32full.dll
0x00007ffb0a8b0000 - 0x00007ffb0a94a000 	C:\WINDOWS\System32\msvcp_win.dll
0x00007ffb0d050000 - 0x00007ffb0d081000 	C:\WINDOWS\System32\IMM32.DLL
0x00007ffb05d30000 - 0x00007ffb05d3c000 	C:\Users\anayd\.p2\pool\plugins\org.eclipse.justj.openjdk.hotspot.jre.full.win32.x86_64_17.0.6.v20230204-1729\jre\bin\vcruntime140_1.dll
0x00007ffaf0ca0000 - 0x00007ffaf0d31000 	C:\Users\anayd\.p2\pool\plugins\org.eclipse.justj.openjdk.hotspot.jre.full.win32.x86_64_17.0.6.v20230204-1729\jre\bin\msvcp140.dll
0x00007ffad91a0000 - 0x00007ffad9de7000 	C:\Users\anayd\.p2\pool\plugins\org.eclipse.justj.openjdk.hotspot.jre.full.win32.x86_64_17.0.6.v20230204-1729\jre\bin\server\jvm.dll
0x00007ffb0be20000 - 0x00007ffb0bece000 	C:\WINDOWS\System32\ADVAPI32.dll
0x00007ffb0b430000 - 0x00007ffb0b4d4000 	C:\WINDOWS\System32\sechost.dll
0x00007ffb0c200000 - 0x00007ffb0c315000 	C:\WINDOWS\System32\RPCRT4.dll
0x00007ffb05c70000 - 0x00007ffb05c79000 	C:\WINDOWS\SYSTEM32\WSOCK32.dll
0x00007ffb08530000 - 0x00007ffb08564000 	C:\WINDOWS\SYSTEM32\WINMM.dll
0x00007ffb05880000 - 0x00007ffb0588a000 	C:\WINDOWS\SYSTEM32\VERSION.dll
0x00007ffb0b4f0000 - 0x00007ffb0b561000 	C:\WINDOWS\System32\WS2_32.dll
0x00007ffb09740000 - 0x00007ffb09758000 	C:\WINDOWS\SYSTEM32\kernel.appcore.dll
0x00007ffb05c60000 - 0x00007ffb05c6a000 	C:\Users\anayd\.p2\pool\plugins\org.eclipse.justj.openjdk.hotspot.jre.full.win32.x86_64_17.0.6.v20230204-1729\jre\bin\jimage.dll
0x00007ffb07f90000 - 0x00007ffb081be000 	C:\WINDOWS\SYSTEM32\DBGHELP.DLL
0x00007ffb0c980000 - 0x00007ffb0cd09000 	C:\WINDOWS\System32\combase.dll
0x00007ffb0b160000 - 0x00007ffb0b237000 	C:\WINDOWS\System32\OLEAUT32.dll
0x00007ffaf1a00000 - 0x00007ffaf1a32000 	C:\WINDOWS\SYSTEM32\dbgcore.DLL
0x00007ffb0b060000 - 0x00007ffb0b0db000 	C:\WINDOWS\System32\bcryptPrimitives.dll
0x00007ffb05ac0000 - 0x00007ffb05ae5000 	C:\Users\anayd\.p2\pool\plugins\org.eclipse.justj.openjdk.hotspot.jre.full.win32.x86_64_17.0.6.v20230204-1729\jre\bin\java.dll
0x00007ffb05480000 - 0x00007ffb05498000 	C:\Users\anayd\.p2\pool\plugins\org.eclipse.justj.openjdk.hotspot.jre.full.win32.x86_64_17.0.6.v20230204-1729\jre\bin\zip.dll
0x00007ffb0b5d0000 - 0x00007ffb0bdc0000 	C:\WINDOWS\System32\SHELL32.dll
0x00007ffb086e0000 - 0x00007ffb08fad000 	C:\WINDOWS\SYSTEM32\windows.storage.dll
0x00007ffb085a0000 - 0x00007ffb086de000 	C:\WINDOWS\SYSTEM32\wintypes.dll
0x00007ffb0cd20000 - 0x00007ffb0ce11000 	C:\WINDOWS\System32\SHCORE.dll
0x00007ffb0bdc0000 - 0x00007ffb0be1e000 	C:\WINDOWS\System32\shlwapi.dll
0x00007ffb0a640000 - 0x00007ffb0a661000 	C:\WINDOWS\SYSTEM32\profapi.dll
0x00007ffae60d0000 - 0x00007ffae625e000 	C:\Users\anayd\.p2\pool\plugins\org.eclipse.justj.openjdk.hotspot.jre.full.win32.x86_64_17.0.6.v20230204-1729\jre\bin\awt.dll
0x00007ffb05080000 - 0x00007ffb05116000 	C:\WINDOWS\SYSTEM32\apphelp.dll
0x00007ffb06fb0000 - 0x00007ffb06fdb000 	C:\WINDOWS\system32\DWMAPI.DLL
0x00007ffb06130000 - 0x00007ffb061db000 	C:\WINDOWS\system32\uxtheme.dll
0x00007ffac1b40000 - 0x00007ffac1c40000 	C:\WINDOWS\system32\opengl32.dll
0x00007ffaf09e0000 - 0x00007ffaf0a0d000 	C:\WINDOWS\SYSTEM32\GLU32.dll
0x00007ffb074a0000 - 0x00007ffb074d6000 	C:\WINDOWS\SYSTEM32\dxcore.dll
0x00007ffae5f40000 - 0x00007ffae5f97000 	C:\Program Files\Huawei\PCManager\plugins\PerfWndMonModule.dll
0x00007ffb0d170000 - 0x00007ffb0d28e000 	C:\WINDOWS\System32\MSCTF.dll
0x00007ffb0ceb0000 - 0x00007ffb0d04c000 	C:\WINDOWS\System32\ole32.dll
0x00007ffacf1b0000 - 0x00007ffacf359000 	C:\WINDOWS\system32\d3d9.dll
0x00007ffafffd0000 - 0x00007ffb001ad000 	C:\WINDOWS\System32\DriverStore\FileRepository\u0355756.inf_amd64_5146fc3a012e7afa\B354291\aticfx64.dll
0x00007ffacf600000 - 0x00007ffacf630000 	C:\WINDOWS\System32\DriverStore\FileRepository\u0355756.inf_amd64_5146fc3a012e7afa\B354291\atiu9p64.dll
0x00007fface360000 - 0x00007ffacf02b000 	C:\WINDOWS\System32\DriverStore\FileRepository\u0355756.inf_amd64_5146fc3a012e7afa\B354291\atiumd64.dll
0x0000000070290000 - 0x0000000071013000 	C:\WINDOWS\System32\DriverStore\FileRepository\u0355756.inf_amd64_5146fc3a012e7afa\B354291\atiumd6a.dll
0x00007ffb0a5e0000 - 0x00007ffb0a62d000 	C:\WINDOWS\SYSTEM32\POWRPROF.dll
0x00007ffb0a5c0000 - 0x00007ffb0a5d3000 	C:\WINDOWS\SYSTEM32\UMPDC.dll
0x00007ffb02970000 - 0x00007ffb029b8000 	C:\WINDOWS\SYSTEM32\directxdatabasehelper.dll
0x00007ffb09e30000 - 0x00007ffb09e4b000 	C:\WINDOWS\SYSTEM32\CRYPTSP.dll
0x00007ffb096b0000 - 0x00007ffb096e5000 	C:\WINDOWS\system32\rsaenh.dll
0x00007ffb09ce0000 - 0x00007ffb09d08000 	C:\WINDOWS\SYSTEM32\USERENV.dll
0x00007ffb09ff0000 - 0x00007ffb0a018000 	C:\WINDOWS\SYSTEM32\bcrypt.dll
0x00007ffb09e50000 - 0x00007ffb09e5c000 	C:\WINDOWS\SYSTEM32\CRYPTBASE.dll
0x00007ffb05460000 - 0x00007ffb05479000 	C:\Users\anayd\.p2\pool\plugins\org.eclipse.justj.openjdk.hotspot.jre.full.win32.x86_64_17.0.6.v20230204-1729\jre\bin\net.dll
0x00007ffb05120000 - 0x00007ffb05257000 	C:\WINDOWS\SYSTEM32\WINHTTP.dll
0x00007ffb09bc0000 - 0x00007ffb09c29000 	C:\WINDOWS\system32\mswsock.dll
0x00007ffb09200000 - 0x00007ffb0922d000 	C:\WINDOWS\SYSTEM32\IPHLPAPI.DLL
0x00007ffb0cd10000 - 0x00007ffb0cd19000 	C:\WINDOWS\System32\NSI.dll
0x00007ffb05060000 - 0x00007ffb05079000 	C:\WINDOWS\SYSTEM32\dhcpcsvc6.DLL
0x00007ffb05040000 - 0x00007ffb0505f000 	C:\WINDOWS\SYSTEM32\dhcpcsvc.DLL
0x00007ffb09270000 - 0x00007ffb09363000 	C:\WINDOWS\SYSTEM32\DNSAPI.dll
0x00007ffb05440000 - 0x00007ffb05455000 	C:\Users\anayd\.p2\pool\plugins\org.eclipse.justj.openjdk.hotspot.jre.full.win32.x86_64_17.0.6.v20230204-1729\jre\bin\nio.dll

dbghelp: loaded successfully - version: 4.0.5 - missing functions: none
symbol engine: initialized successfully - sym options: 0x614 - pdb path: .;C:\Users\anayd\.p2\pool\plugins\org.eclipse.justj.openjdk.hotspot.jre.full.win32.x86_64_17.0.6.v20230204-1729\jre\bin;C:\WINDOWS\SYSTEM32;C:\WINDOWS\WinSxS\amd64_microsoft.windows.common-controls_6595b64144ccf1df_6.0.22621.608_none_a9444ca7c10bb01d;C:\Users\anayd\.p2\pool\plugins\org.eclipse.justj.openjdk.hotspot.jre.full.win32.x86_64_17.0.6.v20230204-1729\jre\bin\server;C:\Program Files\Huawei\PCManager\plugins;C:\WINDOWS\System32\DriverStore\FileRepository\u0355756.inf_amd64_5146fc3a012e7afa\B354291

VM Arguments:
jvm_args: -Dfile.encoding=UTF-8 -XX:+ShowCodeDetailsInExceptionMessages 
java_command: com.project.gaming.canvas.GameFrame
java_class_path (initial): C:\Users\anayd\eclipse-workspace\Game-Street-Fighter\GameApp\bin
Launcher Type: SUN_STANDARD

[Global flags]
     intx CICompilerCount                          = 4                                         {product} {ergonomic}
     uint ConcGCThreads                            = 2                                         {product} {ergonomic}
     uint G1ConcRefinementThreads                  = 8                                         {product} {ergonomic}
   size_t G1HeapRegionSize                         = 1048576                                   {product} {ergonomic}
    uintx GCDrainStackTargetSize                   = 64                                        {product} {ergonomic}
   size_t InitialHeapSize                          = 117440512                                 {product} {ergonomic}
   size_t MarkStackSize                            = 4194304                                   {product} {ergonomic}
   size_t MaxHeapSize                              = 1862270976                                {product} {ergonomic}
   size_t MaxNewSize                               = 1116733440                                {product} {ergonomic}
   size_t MinHeapDeltaBytes                        = 1048576                                   {product} {ergonomic}
   size_t MinHeapSize                              = 8388608                                   {product} {ergonomic}
    uintx NonNMethodCodeHeapSize                   = 5839372                                {pd product} {ergonomic}
    uintx NonProfiledCodeHeapSize                  = 122909434                              {pd product} {ergonomic}
    uintx ProfiledCodeHeapSize                     = 122909434                              {pd product} {ergonomic}
    uintx ReservedCodeCacheSize                    = 251658240                              {pd product} {ergonomic}
     bool SegmentedCodeCache                       = true                                      {product} {ergonomic}
     bool ShowCodeDetailsInExceptionMessages       = true                                   {manageable} {command line}
   size_t SoftMaxHeapSize                          = 1862270976                             {manageable} {ergonomic}
     bool UseCompressedClassPointers               = true                           {product lp64_product} {ergonomic}
     bool UseCompressedOops                        = true                           {product lp64_product} {ergonomic}
     bool UseG1GC                                  = true                                      {product} {ergonomic}
     bool UseLargePagesIndividualAllocation        = false                                  {pd product} {ergonomic}

Logging:
Log output configuration:
 #0: stdout all=warning uptime,level,tags
 #1: stderr all=off uptime,level,tags

Environment Variables:
PATH=C:/Users/anayd/.p2/pool/plugins/org.eclipse.justj.openjdk.hotspot.jre.full.win32.x86_64_17.0.6.v20230204-1729/jre/bin/server;C:/Users/anayd/.p2/pool/plugins/org.eclipse.justj.openjdk.hotspot.jre.full.win32.x86_64_17.0.6.v20230204-1729/jre/bin;C:\WINDOWS\system32;C:\WINDOWS;C:\WINDOWS\System32\Wbem;C:\WINDOWS\System32\WindowsPowerShell\v1.0\;C:\WINDOWS\System32\OpenSSH\;C:\Users\anayd\AppData\Local\Microsoft\WindowsApps;C:\Users\anayd\Desktop;
USERNAME=anayd
OS=Windows_NT
PROCESSOR_IDENTIFIER=AMD64 Family 23 Model 24 Stepping 1, AuthenticAMD
TMP=C:\Users\anayd\AppData\Local\Temp
TEMP=C:\Users\anayd\AppData\Local\Temp



---------------  S Y S T E M  ---------------

OS:
 Windows 11 , 64 bit Build 22621 (10.0.22621.1485)
OS uptime: 2 days 4:11 hours
Hyper-V role detected

CPU: total 8 (initial active 8) (8 cores per cpu, 2 threads per core) family 23 model 24 stepping 1 microcode 0x0, cx8, cmov, fxsr, ht, mmx, 3dnowpref, sse, sse2, sse3, ssse3, sse4a, sse4.1, sse4.2, popcnt, lzcnt, tsc, tscinvbit, avx, avx2, aes, clmul, bmi1, bmi2, adx, sha, fma, vzeroupper, clflush, clflushopt, hv

Memory: 4k page, system-wide physical 7103M (492M free)
TotalPageFile size 17343M (AvailPageFile size 4M)
current process WorkingSet (physical memory assigned to process): 299M, peak: 306M
current process commit charge ("private bytes"): 351M, peak: 357M

vm_info: OpenJDK 64-Bit Server VM (17.0.6+10) for windows-amd64 JRE (17.0.6+10), built on Jan 18 2023 10:08:59 by "temurin" with MS VC++ 16.7 (VS2019)

END.
